Solving multi-robot motion planning problem...
Config: reallocation_enabled = 1
Config: reallocation_period = 2
Task reallocation ENABLED (period: 2s)
Solving frequency = 113.869 Hz
Solving frequency = 166.639 Hz
Solving frequency = 217.675 Hz
Solving frequency = 279.72 Hz
Solving frequency = 212.314 Hz
Solving frequency = 173.31 Hz
Solving frequency = 212.134 Hz
Solving frequency = 321.958 Hz
Solving frequency = 220.459 Hz
Solving frequency = 227.118 Hz
Solving frequency = 280.978 Hz
Solving frequency = 214.823 Hz
Solving frequency = 168.634 Hz
Solving frequency = 189.322 Hz
Solving frequency = 219.925 Hz
Solving frequency = 184.06 Hz
Solving frequency = 209.908 Hz
Solving frequency = 231.589 Hz
Solving frequency = 274.198 Hz
Solving frequency = 178.859 Hz
Total assignment cost: 3.5688

=== Reallocation #1 at time 2s ===
Agent 0: Goal changed from 0 to 2 (Distance: 0.899362 m)
Agent 1: Goal changed from 1 to 3 (Distance: 0.887452 m)
Agent 2: Goal changed from 2 to 0 (Distance: 0.885437 m)
Agent 3: Goal changed from 3 to 1 (Distance: 0.896549 m)

*** GOALS REASSIGNED at t=2s ***

Solving frequency = 235.793 Hz
Solving frequency = 270.416 Hz
Solving frequency = 351.37 Hz
Solving frequency = 276.014 Hz
Solving frequency = 347.947 Hz
Solving frequency = 690.131 Hz
Solving frequency = 385.654 Hz
Solving frequency = 669.344 Hz
Solving frequency = 342.466 Hz
Solving frequency = 480.769 Hz
Solving frequency = 389.864 Hz
Solving frequency = 421.763 Hz
Solving frequency = 579.374 Hz
Solving frequency = 955.11 Hz
Solving frequency = 457.666 Hz
Solving frequency = 451.264 Hz
Solving frequency = 483.559 Hz
Solving frequency = 420.521 Hz
Solving frequency = 423.549 Hz
Solving frequency = 1058.2 Hz
Total assignment cost: 0.145383

=== Reallocation #2 at time 4s ===
Agent 0: Goal changed from 2 to 0 (Distance: 0.0335546 m)
Agent 1: Goal changed from 3 to 1 (Distance: 0.0430479 m)
Agent 2: Goal changed from 0 to 2 (Distance: 0.029143 m)
Agent 3: Goal changed from 1 to 3 (Distance: 0.0396378 m)

*** GOALS REASSIGNED at t=4s ***

Solving frequency = 653.595 Hz
Solving frequency = 429.553 Hz
Solving frequency = 618.047 Hz
Solving frequency = 552.181 Hz
Solving frequency = 690.608 Hz
Solving frequency = 500.751 Hz
Solving frequency = 635.324 Hz
Solving frequency = 1003.01 Hz
Solving frequency = 1069.52 Hz
Solving frequency = 1077.59 Hz
Solving frequency = 400.641 Hz
Solving frequency = 512.558 Hz
Solving frequency = 719.942 Hz
Solving frequency = 433.839 Hz
Solving frequency = 469.263 Hz
Solving frequency = 478.698 Hz
Solving frequency = 529.101 Hz
Solving frequency = 444.84 Hz
Solving frequency = 372.856 Hz
Solving frequency = 469.484 Hz
Total assignment cost: 0.000253206
Solving frequency = 488.759 Hz
Total assignment cost: 0.00017835
Solving frequency = 431.779 Hz
Total assignment cost: 0.000113574
Solving frequency = 380.807 Hz
Total assignment cost: 6.20207e-05
Solving frequency = 385.06 Hz
Total assignment cost: 2.72927e-05
Solving frequency = 377.216 Hz
Total assignment cost: 1.57869e-05
Solving frequency = 433.839 Hz
Total assignment cost: 1.69799e-05
Solving frequency = 483.092 Hz
Total assignment cost: 1.65242e-05
Solving frequency = 376.79 Hz
Total assignment cost: 1.32679e-05
Solving frequency = 383.436 Hz
Total assignment cost: 9.04497e-06
Solving frequency = 490.436 Hz
Total assignment cost: 5.41462e-06
Solving frequency = 373.832 Hz
Total assignment cost: 3.08005e-06
Solving frequency = 403.226 Hz
Total assignment cost: 2.04249e-06
Solving frequency = 508.388 Hz
Total assignment cost: 1.83162e-06
Solving frequency = 530.786 Hz
Total assignment cost: 1.88393e-06
Solving frequency = 508.906 Hz
Total assignment cost: 1.89431e-06
Solving frequency = 405.844 Hz
Total assignment cost: 1.75443e-06
Solving frequency = 418.41 Hz
Total assignment cost: 1.46148e-06
Solving frequency = 513.875 Hz
Total assignment cost: 1.07918e-06
Solving frequency = 493.827 Hz
Total assignment cost: 6.92933e-07
Solving frequency = 372.439 Hz
Total assignment cost: 3.72042e-07
Solving frequency = 385.356 Hz
Total assignment cost: 1.54174e-07
Solving frequency = 895.255 Hz
Total assignment cost: 5.98412e-08
Solving frequency = 471.476 Hz
Total assignment cost: 4.88062e-08
Solving frequency = 457.247 Hz
Total assignment cost: 4.02516e-08
Solving frequency = 476.417 Hz
Total assignment cost: 2.2407e-08
Solving frequency = 372.856 Hz
Total assignment cost: 1.6119e-08
Solving frequency = 411.692 Hz
Total assignment cost: 1.98441e-08
Solving frequency = 453.104 Hz
Total assignment cost: 1.98141e-08
Solving frequency = 362.188 Hz
Total assignment cost: 1.44637e-08
Solving frequency = 400.641 Hz
Total assignment cost: 8.09663e-09
Solving frequency = 532.765 Hz
Total assignment cost: 7.04885e-09
Solving frequency = 411.353 Hz
Total assignment cost: 8.54624e-09
Solving frequency = 405.022 Hz
Total assignment cost: 8.79464e-09
Solving frequency = 406.504 Hz
Total assignment cost: 7.40284e-09
Solving frequency = 400.962 Hz
Total assignment cost: 5.11947e-09
Solving frequency = 410.678 Hz
Total assignment cost: 2.82379e-09
Solving frequency = 504.796 Hz
Total assignment cost: 1.16476e-09
Solving frequency = 412.371 Hz
Total assignment cost: 5.86257e-10
Solving frequency = 403.063 Hz
Total assignment cost: 5.92426e-10
Solving frequency = 446.429 Hz
Total assignment cost: 4.85062e-10
Solving frequency = 468.604 Hz
Total assignment cost: 2.80062e-10
Solving frequency = 403.714 Hz
Total assignment cost: 2.38047e-10
Solving frequency = 466.636 Hz
Total assignment cost: 2.92205e-10
Solving frequency = 388.5 Hz
Total assignment cost: 2.98372e-10
Solving frequency = 406.009 Hz
Total assignment cost: 2.39344e-10
Solving frequency = 401.606 Hz
Total assignment cost: 1.49163e-10
Solving frequency = 385.951 Hz
Total assignment cost: 7.08369e-11
Solving frequency = 427.533 Hz
Total assignment cost: 4.9368e-11
Solving frequency = 554.939 Hz
Total assignment cost: 5.65283e-11
Solving frequency = 403.063 Hz
Total assignment cost: 5.42337e-11
Solving frequency = 394.945 Hz
Total assignment cost: 4.01327e-11
Solving frequency = 492.854 Hz
Total assignment cost: 2.24167e-11
Solving frequency = 534.759 Hz
Total assignment cost: 1.00847e-11
Solving frequency = 491.884 Hz
Total assignment cost: 8.35352e-12
Solving frequency = 393.082 Hz
Total assignment cost: 9.15429e-12
Solving frequency = 466.636 Hz
Total assignment cost: 7.57365e-12
Solving frequency = 351.124 Hz
Total assignment cost: 4.52706e-12
Solving frequency = 390.32 Hz
Total assignment cost: 2.37877e-12
Solving frequency = 408.998 Hz
Total assignment cost: 2.52772e-12
Solving frequency = 410.846 Hz
Total assignment cost: 2.85368e-12
Solving frequency = 455.789 Hz
Total assignment cost: 2.53816e-12
Solving frequency = 436.491 Hz
Total assignment cost: 1.75782e-12
Solving frequency = 431.965 Hz
Total assignment cost: 9.1963e-13
Solving frequency = 431.034 Hz
Total assignment cost: 4.72419e-13
Solving frequency = 438.982 Hz
Total assignment cost: 4.82332e-13
Solving frequency = 495.05 Hz
Total assignment cost: 5.37442e-13
Solving frequency = 506.073 Hz
Total assignment cost: 4.64649e-13
Solving frequency = 328.623 Hz
Total assignment cost: 3.27746e-13
Solving frequency = 411.523 Hz
Total assignment cost: 2.12366e-13
Solving frequency = 358.809 Hz
Total assignment cost: 1.58851e-13
Solving frequency = 440.335 Hz
Total assignment cost: 1.37964e-13
Solving frequency = 452.284 Hz
Total assignment cost: 1.22838e-13
Solving frequency = 495.05 Hz
Total assignment cost: 1.13269e-13
Solving frequency = 414.766 Hz
Total assignment cost: 1.12758e-13
Solving frequency = 412.541 Hz
Total assignment cost: 1.24715e-13
Solving frequency = 513.084 Hz
Total assignment cost: 1.41701e-13
Solving frequency = 484.262 Hz
Total assignment cost: 1.512e-13
Solving frequency = 422.654 Hz
Total assignment cost: 1.56379e-13
Solving frequency = 489.956 Hz
Total assignment cost: 1.64394e-13
Solving frequency = 403.877 Hz
Total assignment cost: 1.75072e-13
Solving frequency = 425.17 Hz
Total assignment cost: 1.82567e-13
Solving frequency = 428.082 Hz
Total assignment cost: 1.84244e-13
Solving frequency = 423.908 Hz
Total assignment cost: 1.8062e-13
Solving frequency = 503.525 Hz
Total assignment cost: 1.71903e-13
Solving frequency = 403.063 Hz
Total assignment cost: 1.62271e-13
Solving frequency = 408.664 Hz
Total assignment cost: 1.54033e-13
Solving frequency = 397.931 Hz
Total assignment cost: 1.47254e-13
Solving frequency = 523.834 Hz
Total assignment cost: 1.43602e-13
Solving frequency = 394.011 Hz
Total assignment cost: 1.41526e-13
Solving frequency = 350.263 Hz
Total assignment cost: 1.4391e-13
Solving frequency = 508.647 Hz
Total assignment cost: 1.48995e-13
Solving frequency = 493.34 Hz
Total assignment cost: 1.60526e-13
Solving frequency = 405.186 Hz
Total assignment cost: 1.75363e-13
Solving frequency = 459.77 Hz
Total assignment cost: 1.88697e-13
Solving frequency = 476.19 Hz
Total assignment cost: 1.97826e-13
Solving frequency = 396.197 Hz
Total assignment cost: 2.03481e-13
Solving frequency = 377.929 Hz
Total assignment cost: 2.07924e-13
Solving frequency = 357.526 Hz
Total assignment cost: 2.11404e-13
Solving frequency = 435.161 Hz
Total assignment cost: 2.11425e-13
Solving frequency = 434.972 Hz
Total assignment cost: 2.0646e-13
Solving frequency = 520.021 Hz
Total assignment cost: 1.96041e-13
Solving frequency = 463.607 Hz
Total assignment cost: 1.83178e-13
Solving frequency = 394.633 Hz
Total assignment cost: 1.74942e-13
Solving frequency = 507.614 Hz
Total assignment cost: 1.68439e-13
Solving frequency = 412.541 Hz
Total assignment cost: 1.63202e-13
Solving frequency = 363.769 Hz
Total assignment cost: 1.61771e-13
Solving frequency = 359.324 Hz
Total assignment cost: 1.576e-13
Solving frequency = 491.159 Hz
Total assignment cost: 1.55939e-13
Solving frequency = 415.455 Hz
Total assignment cost: 1.58777e-13
Solving frequency = 444.84 Hz
Total assignment cost: 1.62514e-13
Solving frequency = 411.862 Hz
Total assignment cost: 1.63442e-13
Solving frequency = 449.438 Hz
Total assignment cost: 1.65548e-13
Solving frequency = 315.259 Hz
Total assignment cost: 1.6683e-13
Solving frequency = 560.538 Hz
Total assignment cost: 1.63257e-13
Solving frequency = 461.255 Hz
Total assignment cost: 1.52046e-13
Solving frequency = 408.33 Hz
Total assignment cost: 1.35952e-13
Solving frequency = 440.917 Hz
Total assignment cost: 1.22888e-13
Solving frequency = 356.633 Hz
Total assignment cost: 1.20569e-13
Solving frequency = 500.501 Hz
Total assignment cost: 1.27736e-13
Solving frequency = 396.197 Hz
Total assignment cost: 1.34372e-13
Solving frequency = 457.875 Hz
Total assignment cost: 1.33457e-13
Solving frequency = 465.766 Hz
Total assignment cost: 1.23788e-13
Solving frequency = 385.356 Hz
Total assignment cost: 1.13938e-13
Solving frequency = 434.972 Hz
Total assignment cost: 1.17061e-13
Solving frequency = 394.011 Hz
Total assignment cost: 1.27128e-13
Solving frequency = 452.694 Hz
Total assignment cost: 1.34665e-13
Solving frequency = 460.193 Hz
Total assignment cost: 1.42367e-13
Solving frequency = 384.763 Hz
Total assignment cost: 1.53045e-13
Solving frequency = 453.309 Hz
Total assignment cost: 1.63993e-13
Solving frequency = 368.46 Hz
Total assignment cost: 1.76556e-13
Solving frequency = 470.81 Hz
Total assignment cost: 1.90611e-13
Solving frequency = 430.663 Hz
Total assignment cost: 2.01522e-13
Solving frequency = 319.285 Hz
Total assignment cost: 2.01159e-13
Solving frequency = 564.016 Hz
Total assignment cost: 1.99057e-13
Solving frequency = 453.721 Hz
Total assignment cost: 1.88325e-13
Solving frequency = 422.119 Hz
Total assignment cost: 1.74119e-13
Solving frequency = 306.748 Hz
Total assignment cost: 1.60226e-13
Solving frequency = 314.564 Hz
Total assignment cost: 1.49279e-13
Solving frequency = 375.235 Hz
Total assignment cost: 1.53488e-13
Solving frequency = 375.799 Hz
Total assignment cost: 1.69409e-13
Solving frequency = 364.166 Hz
Total assignment cost: 1.90696e-13
Solving frequency = 451.467 Hz
Total assignment cost: 2.03153e-13
Solving frequency = 443.066 Hz
Total assignment cost: 2.07701e-13
Solving frequency = 437.445 Hz
Total assignment cost: 2.07297e-13
Solving frequency = 361.533 Hz
Total assignment cost: 2.10985e-13
Solving frequency = 438.596 Hz
Total assignment cost: 2.2686e-13
Solving frequency = 446.03 Hz
Total assignment cost: 2.4398e-13
Solving frequency = 802.568 Hz
Total assignment cost: 2.54708e-13
Solving frequency = 961.538 Hz
Total assignment cost: 2.53742e-13
Solving frequency = 920.81 Hz
Total assignment cost: 2.41282e-13
Solving frequency = 954.198 Hz
Total assignment cost: 2.24574e-13
Solving frequency = 444.84 Hz
Total assignment cost: 2.05967e-13
Solving frequency = 448.029 Hz
Total assignment cost: 1.87458e-13
Solving frequency = 362.319 Hz
Total assignment cost: 1.63158e-13
Solving frequency = 421.053 Hz
Total assignment cost: 1.42521e-13
Solving frequency = 556.174 Hz
Total assignment cost: 1.27774e-13
Solving frequency = 426.621 Hz
Total assignment cost: 1.3053e-13
Solving frequency = 529.381 Hz
Total assignment cost: 1.45044e-13
Solving frequency = 963.391 Hz
Total assignment cost: 1.59664e-13
Solving frequency = 371.747 Hz
Total assignment cost: 1.68472e-13
Solving frequency = 464.253 Hz
Total assignment cost: 1.71941e-13
Solving frequency = 487.329 Hz
Total assignment cost: 1.7311e-13
Solving frequency = 498.753 Hz
Total assignment cost: 1.72322e-13
Solving frequency = 991.08 Hz
Total assignment cost: 1.68993e-13
Solving frequency = 491.4 Hz
Total assignment cost: 1.66684e-13
Solving frequency = 438.596 Hz
Total assignment cost: 1.59586e-13
Solving frequency = 395.257 Hz
Total assignment cost: 1.55206e-13
Solving frequency = 354.359 Hz
Total assignment cost: 1.50656e-13
Solving frequency = 447.427 Hz
Total assignment cost: 1.53738e-13
Solving frequency = 520.021 Hz
Total assignment cost: 1.59906e-13
Solving frequency = 524.659 Hz
Total assignment cost: 1.72972e-13
Solving frequency = 526.87 Hz
Total assignment cost: 1.86163e-13
Solving frequency = 406.339 Hz
Total assignment cost: 1.93626e-13
Solving frequency = 418.06 Hz
Total assignment cost: 1.94296e-13
Solving frequency = 446.628 Hz
Total assignment cost: 1.86624e-13
Solving frequency = 450.248 Hz
Total assignment cost: 1.68985e-13
Solving frequency = 555.864 Hz
Total assignment cost: 1.47471e-13
Solving frequency = 540.249 Hz
Total assignment cost: 1.27052e-13
Solving frequency = 415.455 Hz
Total assignment cost: 1.09547e-13
Solving frequency = 336.587 Hz
Total assignment cost: 1.12649e-13
Solving frequency = 463.822 Hz
Total assignment cost: 1.3193e-13
Solving frequency = 342.818 Hz
Total assignment cost: 1.58442e-13
Solving frequency = 443.656 Hz
Total assignment cost: 1.7639e-13
Solving frequency = 1102.54 Hz
Total assignment cost: 1.83755e-13
Solving frequency = 433.276 Hz
Total assignment cost: 1.77665e-13
Solving frequency = 483.092 Hz
Total assignment cost: 1.63982e-13
Solving frequency = 425.17 Hz
Total assignment cost: 1.56877e-13
Solving frequency = 422.297 Hz
Total assignment cost: 1.61108e-13
Solving frequency = 383.583 Hz
Total assignment cost: 1.7105e-13
Solving frequency = 518.403 Hz
No collisions found!
All the vehicles reached their goals!

Total reallocations performed: 2
Writing solution to text file...
Writing goals to text file...
