Solving multi-robot motion planning problem...
Config: reallocation_enabled = 1
Config: reallocation_period = 2
Task reallocation ENABLED (period: 2s)
Solving frequency = 175.871 Hz
Solving frequency = 193.986 Hz
Solving frequency = 247.158 Hz
Solving frequency = 174.246 Hz
Solving frequency = 278.552 Hz
Solving frequency = 277.008 Hz
Solving frequency = 334.225 Hz
Solving frequency = 335.345 Hz
Solving frequency = 299.133 Hz
Solving frequency = 294.291 Hz
Solving frequency = 298.151 Hz
Solving frequency = 463.177 Hz
Solving frequency = 172.117 Hz
Solving frequency = 449.843 Hz
Solving frequency = 401.123 Hz
Solving frequency = 604.23 Hz
Solving frequency = 422.654 Hz
Solving frequency = 615.006 Hz
Solving frequency = 423.908 Hz
Solving frequency = 712.758 Hz
Total assignment cost: 1.93548
Solving frequency = 426.076 Hz
Total assignment cost: 1.79288
Solving frequency = 400 Hz
Total assignment cost: 1.65986
Solving frequency = 431.965 Hz
Total assignment cost: 1.51798
Solving frequency = 403.226 Hz
Total assignment cost: 1.35337
Solving frequency = 446.628 Hz
Total assignment cost: 1.16553
Solving frequency = 488.998 Hz
Total assignment cost: 0.963388
Solving frequency = 403.226 Hz
Total assignment cost: 0.760404
Solving frequency = 395.883 Hz
Total assignment cost: 0.571514
Solving frequency = 443.459 Hz
Total assignment cost: 0.408442
Solving frequency = 401.284 Hz
Total assignment cost: 0.27989
Solving frequency = 451.671 Hz
Total assignment cost: 0.182613
Solving frequency = 392.773 Hz
Total assignment cost: 0.113549
Solving frequency = 197.941 Hz
Total assignment cost: 0.0676061
Solving frequency = 427.533 Hz
Total assignment cost: 0.0388035
Solving frequency = 366.838 Hz
Total assignment cost: 0.0215874
Solving frequency = 399.68 Hz
Total assignment cost: 0.0115608
Solving frequency = 399.68 Hz
Total assignment cost: 0.0056868
Solving frequency = 397.772 Hz
Total assignment cost: 0.00213418
Solving frequency = 727.802 Hz
Total assignment cost: 0.00200852
Solving frequency = 387.597 Hz
Total assignment cost: 0.00265992
Solving frequency = 396.668 Hz
Total assignment cost: 0.00299786
Solving frequency = 449.236 Hz
Total assignment cost: 0.00299048
Solving frequency = 361.533 Hz
Total assignment cost: 0.00269637
Solving frequency = 472.144 Hz
Total assignment cost: 0.00222801
Solving frequency = 397.141 Hz
Total assignment cost: 0.00170414
Solving frequency = 370.782 Hz
Total assignment cost: 0.00121702
Solving frequency = 410.678 Hz
Total assignment cost: 0.000820921
Solving frequency = 380.373 Hz
Total assignment cost: 0.000533365
Solving frequency = 378.788 Hz
Total assignment cost: 0.000344979
Solving frequency = 486.381 Hz
Total assignment cost: 0.000230783
Solving frequency = 266.312 Hz
Total assignment cost: 0.000163969
Solving frequency = 432.152 Hz
Total assignment cost: 0.000122946
Solving frequency = 379.651 Hz
Total assignment cost: 9.48281e-05
Solving frequency = 374.251 Hz
Total assignment cost: 7.11592e-05
Solving frequency = 454.133 Hz
Total assignment cost: 4.95488e-05
Solving frequency = 387.297 Hz
Total assignment cost: 3.05426e-05
Solving frequency = 449.035 Hz
Total assignment cost: 1.53908e-05
Solving frequency = 402.091 Hz
Total assignment cost: 4.89561e-06
Solving frequency = 430.663 Hz
Total assignment cost: 2.92629e-06
Solving frequency = 298.329 Hz
Total assignment cost: 4.91986e-06
Solving frequency = 301.023 Hz
Total assignment cost: 4.84271e-06
Solving frequency = 290.951 Hz
Total assignment cost: 3.74103e-06
Solving frequency = 322.997 Hz
Total assignment cost: 2.44926e-06
Solving frequency = 397.298 Hz
Total assignment cost: 1.43481e-06
Solving frequency = 405.844 Hz
Total assignment cost: 8.43277e-07
Solving frequency = 425.894 Hz
Total assignment cost: 5.92996e-07
Solving frequency = 408.33 Hz
Total assignment cost: 5.17092e-07
Solving frequency = 458.295 Hz
Total assignment cost: 5.33364e-07
Solving frequency = 474.608 Hz
Total assignment cost: 5.43621e-07
Solving frequency = 408.998 Hz
Total assignment cost: 5.00414e-07
Solving frequency = 403.388 Hz
Total assignment cost: 4.07884e-07
Solving frequency = 429.369 Hz
Total assignment cost: 2.9453e-07
Solving frequency = 401.123 Hz
Total assignment cost: 1.80954e-07
Solving frequency = 445.038 Hz
Total assignment cost: 8.87221e-08
Solving frequency = 410.678 Hz
Total assignment cost: 2.81228e-08
Solving frequency = 435.54 Hz
Total assignment cost: 8.14043e-09
Solving frequency = 404.04 Hz
Total assignment cost: 1.44365e-08
Solving frequency = 421.053 Hz
Total assignment cost: 1.06537e-08
Solving frequency = 406.339 Hz
Total assignment cost: 3.39232e-09
Solving frequency = 433.651 Hz
Total assignment cost: 3.58418e-09
Solving frequency = 411.353 Hz
Total assignment cost: 6.23284e-09
Solving frequency = 523.286 Hz
Total assignment cost: 5.93068e-09
Solving frequency = 329.598 Hz
Total assignment cost: 3.77214e-09
Solving frequency = 501.756 Hz
Total assignment cost: 1.1209e-09
Solving frequency = 306.466 Hz
Total assignment cost: 1.46192e-09
Solving frequency = 431.406 Hz
Total assignment cost: 2.44024e-09
Solving frequency = 309.215 Hz
Total assignment cost: 2.54361e-09
Solving frequency = 391.696 Hz
Total assignment cost: 2.06444e-09
Solving frequency = 319.183 Hz
Total assignment cost: 1.35112e-09
Solving frequency = 503.778 Hz
Total assignment cost: 6.59534e-10
Solving frequency = 466.418 Hz
Total assignment cost: 1.66721e-10
Solving frequency = 454.133 Hz
Total assignment cost: 1.18494e-10
Solving frequency = 316.156 Hz
Total assignment cost: 1.78095e-10
Solving frequency = 528.262 Hz
Total assignment cost: 1.2795e-10
Solving frequency = 463.392 Hz
Total assignment cost: 3.83023e-11
Solving frequency = 329.164 Hz
Total assignment cost: 5.04396e-11
Solving frequency = 352.858 Hz
Total assignment cost: 8.49916e-11
Solving frequency = 358.038 Hz
Total assignment cost: 8.70638e-11
Solving frequency = 351 Hz
Total assignment cost: 6.6516e-11
Solving frequency = 354.862 Hz
Total assignment cost: 3.6622e-11
Solving frequency = 327.225 Hz
Total assignment cost: 9.66997e-12
Solving frequency = 276.167 Hz
Total assignment cost: 1.02998e-11
Solving frequency = 356.125 Hz
Total assignment cost: 1.65656e-11
Solving frequency = 357.91 Hz
Total assignment cost: 1.56864e-11
Solving frequency = 236.463 Hz
Total assignment cost: 1.08719e-11
Solving frequency = 349.528 Hz
Total assignment cost: 5.14219e-12
Solving frequency = 365.097 Hz
Total assignment cost: 8.02484e-13
Solving frequency = 341.88 Hz
Total assignment cost: 2.3657e-12
Solving frequency = 312.695 Hz
Total assignment cost: 2.80476e-12
Solving frequency = 343.997 Hz
Total assignment cost: 2.14239e-12
Solving frequency = 355.745 Hz
Total assignment cost: 1.06546e-12
Solving frequency = 350.508 Hz
Total assignment cost: 4.20449e-13
Solving frequency = 495.05 Hz
Total assignment cost: 9.02292e-13
Solving frequency = 539.374 Hz
Total assignment cost: 1.0681e-12
Solving frequency = 340.599 Hz
Total assignment cost: 9.41462e-13
Solving frequency = 355.24 Hz
Total assignment cost: 6.88591e-13
Solving frequency = 514.668 Hz
Total assignment cost: 4.31386e-13
Solving frequency = 544.959 Hz
Total assignment cost: 2.81907e-13
Solving frequency = 315.358 Hz
Total assignment cost: 3.55495e-13
Solving frequency = 310.752 Hz
Total assignment cost: 3.88844e-13
Solving frequency = 437.445 Hz
Total assignment cost: 3.86621e-13
Solving frequency = 321.75 Hz
Total assignment cost: 3.88969e-13
Solving frequency = 319.489 Hz
Total assignment cost: 4.1252e-13
Solving frequency = 215.61 Hz
Total assignment cost: 4.30292e-13
Solving frequency = 346.26 Hz
Total assignment cost: 4.23547e-13
Solving frequency = 347.222 Hz
Total assignment cost: 3.91946e-13
Solving frequency = 338.524 Hz
Total assignment cost: 3.60736e-13
Solving frequency = 313.972 Hz
Total assignment cost: 3.49066e-13
Solving frequency = 349.284 Hz
Total assignment cost: 3.45971e-13
Solving frequency = 311.042 Hz
Total assignment cost: 3.51937e-13
Solving frequency = 316.456 Hz
Total assignment cost: 3.58888e-13
Solving frequency = 537.924 Hz
Total assignment cost: 3.6621e-13
Solving frequency = 353.107 Hz
Total assignment cost: 3.67641e-13
Solving frequency = 534.474 Hz
Total assignment cost: 3.65712e-13
Solving frequency = 533.618 Hz
Total assignment cost: 3.56636e-13
Solving frequency = 534.474 Hz
Total assignment cost: 3.42792e-13
Solving frequency = 344.59 Hz
Total assignment cost: 3.31737e-13
Solving frequency = 473.485 Hz
Total assignment cost: 3.21636e-13
Solving frequency = 323.206 Hz
Total assignment cost: 3.1258e-13
Solving frequency = 306.654 Hz
Total assignment cost: 3.06296e-13
Solving frequency = 317.763 Hz
Total assignment cost: 3.10851e-13
Solving frequency = 336.247 Hz
Total assignment cost: 3.1651e-13
Solving frequency = 352.734 Hz
Total assignment cost: 3.15557e-13
Solving frequency = 346.981 Hz
Total assignment cost: 3.12279e-13
Solving frequency = 266.596 Hz
Total assignment cost: 3.03843e-13
Solving frequency = 288.184 Hz
Total assignment cost: 2.96948e-13
Solving frequency = 312.695 Hz
Total assignment cost: 3.01186e-13
Solving frequency = 294.464 Hz
Total assignment cost: 3.13143e-13
Solving frequency = 291.036 Hz
Total assignment cost: 3.28272e-13
Solving frequency = 335.909 Hz
Total assignment cost: 3.42294e-13
Solving frequency = 363.504 Hz
Total assignment cost: 3.49153e-13
Solving frequency = 430.663 Hz
Total assignment cost: 3.57149e-13
Solving frequency = 467.727 Hz
Total assignment cost: 3.63714e-13
Solving frequency = 266.312 Hz
Total assignment cost: 3.70899e-13
Solving frequency = 354.484 Hz
Total assignment cost: 3.80226e-13
Solving frequency = 289.855 Hz
Total assignment cost: 3.93282e-13
Solving frequency = 421.763 Hz
Total assignment cost: 4.07215e-13
Solving frequency = 371.195 Hz
Total assignment cost: 4.22307e-13
Solving frequency = 706.215 Hz
Total assignment cost: 4.31366e-13
Solving frequency = 407.166 Hz
Total assignment cost: 4.36659e-13
Solving frequency = 388.954 Hz
Total assignment cost: 4.37117e-13
Solving frequency = 501.253 Hz
Total assignment cost: 4.36759e-13
Solving frequency = 365.097 Hz
Total assignment cost: 4.28065e-13
Solving frequency = 404.858 Hz
Total assignment cost: 4.15502e-13
Solving frequency = 474.383 Hz
Total assignment cost: 3.96178e-13
Solving frequency = 394.011 Hz
Total assignment cost: 3.73703e-13
Solving frequency = 392.003 Hz
Total assignment cost: 3.52021e-13
Solving frequency = 458.295 Hz
Total assignment cost: 3.3456e-13
Solving frequency = 393.236 Hz
Total assignment cost: 3.25398e-13
Solving frequency = 705.219 Hz
Total assignment cost: 3.2127e-13
Solving frequency = 269.833 Hz
Total assignment cost: 3.22152e-13
Solving frequency = 264.131 Hz
Total assignment cost: 3.25951e-13
Solving frequency = 554.939 Hz
Total assignment cost: 3.37398e-13
Solving frequency = 391.083 Hz
Total assignment cost: 3.54714e-13
Solving frequency = 415.8 Hz
Total assignment cost: 3.74148e-13
Solving frequency = 279.955 Hz
Total assignment cost: 3.89865e-13
Solving frequency = 281.215 Hz
Total assignment cost: 4.02126e-13
Solving frequency = 271.076 Hz
Total assignment cost: 4.06406e-13
Solving frequency = 340.252 Hz
Total assignment cost: 4.0593e-13
Solving frequency = 350.263 Hz
Total assignment cost: 3.9977e-13
Solving frequency = 296.296 Hz
Total assignment cost: 3.93791e-13
Solving frequency = 289.184 Hz
Total assignment cost: 3.82352e-13
Solving frequency = 266.383 Hz
Total assignment cost: 3.74959e-13
Solving frequency = 637.349 Hz
Total assignment cost: 3.68502e-13
Solving frequency = 239.578 Hz
Total assignment cost: 3.62014e-13
Solving frequency = 260.281 Hz
Total assignment cost: 3.63139e-13
Solving frequency = 257.599 Hz
Total assignment cost: 3.70086e-13
Solving frequency = 216.685 Hz
Total assignment cost: 3.75333e-13
Solving frequency = 267.666 Hz
Total assignment cost: 3.81233e-13
Solving frequency = 268.745 Hz
Total assignment cost: 3.84189e-13
Solving frequency = 291.29 Hz
Total assignment cost: 3.88225e-13
Solving frequency = 260.688 Hz
Total assignment cost: 3.88691e-13
Solving frequency = 343.407 Hz
Total assignment cost: 3.92243e-13
Solving frequency = 306.937 Hz
Total assignment cost: 3.94838e-13
Solving frequency = 299.85 Hz
Total assignment cost: 3.98859e-13
Solving frequency = 321.854 Hz
Total assignment cost: 4.03025e-13
Solving frequency = 345.185 Hz
Total assignment cost: 4.0346e-13
Solving frequency = 333.444 Hz
Total assignment cost: 3.98557e-13
Solving frequency = 348.554 Hz
Total assignment cost: 3.94072e-13
Solving frequency = 686.813 Hz
Total assignment cost: 3.86417e-13
Solving frequency = 391.85 Hz
Total assignment cost: 3.88423e-13
Solving frequency = 463.392 Hz
Total assignment cost: 3.98256e-13
Solving frequency = 414.422 Hz
Total assignment cost: 4.10637e-13
Solving frequency = 458.085 Hz
Total assignment cost: 4.18366e-13
Solving frequency = 389.408 Hz
Total assignment cost: 4.15309e-13
Solving frequency = 434.216 Hz
Total assignment cost: 4.02252e-13
Solving frequency = 397.614 Hz
Total assignment cost: 3.86502e-13
Solving frequency = 262.674 Hz
Total assignment cost: 3.69167e-13
Solving frequency = 423.908 Hz
Total assignment cost: 3.54774e-13
Solving frequency = 394.011 Hz
Total assignment cost: 3.47195e-13
Solving frequency = 437.254 Hz
Total assignment cost: 3.45393e-13
Solving frequency = 288.351 Hz
Total assignment cost: 3.4651e-13
Solving frequency = 429 Hz
Total assignment cost: 3.4394e-13
Solving frequency = 262.398 Hz
Total assignment cost: 3.42671e-13
Solving frequency = 251.889 Hz
Total assignment cost: 3.44746e-13
Solving frequency = 303.398 Hz
Total assignment cost: 3.50448e-13
Solving frequency = 280.505 Hz
Total assignment cost: 3.54927e-13
Solving frequency = 307.503 Hz
Total assignment cost: 3.55876e-13
Solving frequency = 279.096 Hz
Total assignment cost: 3.59805e-13
Solving frequency = 295.421 Hz
Total assignment cost: 3.66148e-13
Solving frequency = 271.444 Hz
Total assignment cost: 3.75142e-13
Solving frequency = 267.308 Hz
Total assignment cost: 3.85202e-13
Solving frequency = 378.644 Hz
Total assignment cost: 3.90128e-13
Solving frequency = 284.495 Hz
Total assignment cost: 3.87104e-13
Solving frequency = 270.783 Hz
Total assignment cost: 3.77149e-13
Solving frequency = 288.018 Hz
Total assignment cost: 3.58974e-13
Solving frequency = 271.518 Hz
Total assignment cost: 3.3903e-13
Solving frequency = 262.467 Hz
Total assignment cost: 3.18326e-13
Solving frequency = 286.041 Hz
Total assignment cost: 2.98436e-13
Solving frequency = 289.101 Hz
Total assignment cost: 2.79182e-13
Solving frequency = 282.566 Hz
Total assignment cost: 2.65257e-13
Solving frequency = 285.714 Hz
Total assignment cost: 2.60529e-13
Solving frequency = 265.393 Hz
Total assignment cost: 2.65716e-13
Solving frequency = 290.698 Hz
Total assignment cost: 2.79358e-13
Solving frequency = 279.408 Hz
Total assignment cost: 2.9835e-13
Solving frequency = 285.225 Hz
Total assignment cost: 3.22209e-13
Solving frequency = 278.009 Hz
Total assignment cost: 3.47358e-13
Solving frequency = 283.206 Hz
Total assignment cost: 3.68091e-13
Solving frequency = 287.522 Hz
Total assignment cost: 3.78932e-13
Solving frequency = 303.306 Hz
Total assignment cost: 3.82449e-13
Solving frequency = 271.887 Hz
Total assignment cost: 3.82914e-13
Solving frequency = 279.33 Hz
Total assignment cost: 3.81517e-13
Solving frequency = 283.126 Hz
Total assignment cost: 3.84441e-13
Solving frequency = 301.205 Hz
Total assignment cost: 3.93122e-13
Solving frequency = 291.8 Hz
Total assignment cost: 3.99607e-13
Solving frequency = 247.831 Hz
Total assignment cost: 4.01284e-13
Solving frequency = 267.738 Hz
Total assignment cost: 3.94324e-13
Solving frequency = 291.971 Hz
Total assignment cost: 3.78844e-13
Solving frequency = 277.932 Hz
Total assignment cost: 3.61792e-13
Solving frequency = 217.25 Hz
Total assignment cost: 3.51717e-13
Solving frequency = 290.36 Hz
Total assignment cost: 3.52656e-13
Solving frequency = 342.466 Hz
Total assignment cost: 3.59353e-13
Solving frequency = 289.184 Hz
Total assignment cost: 3.6747e-13
Solving frequency = 307.125 Hz
Total assignment cost: 3.72025e-13
Solving frequency = 303.674 Hz
Total assignment cost: 3.73769e-13
Solving frequency = 399.361 Hz
Total assignment cost: 3.70247e-13
Solving frequency = 451.671 Hz
Total assignment cost: 3.60344e-13
Solving frequency = 394.011 Hz
Total assignment cost: 3.52244e-13
Solving frequency = 428.633 Hz
Total assignment cost: 3.46472e-13
Solving frequency = 489.716 Hz
Total assignment cost: 3.49769e-13
Solving frequency = 457.247 Hz
Total assignment cost: 3.59673e-13
Solving frequency = 678.426 Hz
Total assignment cost: 3.69208e-13
Solving frequency = 459.137 Hz
Total assignment cost: 3.74779e-13
Solving frequency = 673.401 Hz
Total assignment cost: 3.7737e-13
Solving frequency = 313.185 Hz
Total assignment cost: 3.78166e-13
Solving frequency = 565.931 Hz
Total assignment cost: 3.80752e-13
Solving frequency = 724.638 Hz
Total assignment cost: 3.81779e-13
Solving frequency = 349.65 Hz
Total assignment cost: 3.86398e-13
Solving frequency = 495.786 Hz
Total assignment cost: 3.87838e-13
Solving frequency = 525.762 Hz
Total assignment cost: 3.84941e-13
Solving frequency = 354.736 Hz
Total assignment cost: 3.75418e-13
Solving frequency = 530.786 Hz
Total assignment cost: 3.62164e-13
Solving frequency = 547.645 Hz
Total assignment cost: 3.43812e-13
Solving frequency = 356.125 Hz
Total assignment cost: 3.23386e-13
Solving frequency = 484.731 Hz
Total assignment cost: 3.08601e-13
Solving frequency = 695.894 Hz
Total assignment cost: 3.05309e-13
Solving frequency = 351.617 Hz
Total assignment cost: 3.14302e-13
Solving frequency = 476.417 Hz
Total assignment cost: 3.28795e-13
Solving frequency = 553.097 Hz
Total assignment cost: 3.41447e-13
Solving frequency = 305.998 Hz
Total assignment cost: 3.50645e-13
Solving frequency = 311.915 Hz
Total assignment cost: 3.57817e-13
Solving frequency = 442.674 Hz
Total assignment cost: 3.60664e-13
Solving frequency = 315.756 Hz
Total assignment cost: 3.64102e-13
Solving frequency = 325.098 Hz
Total assignment cost: 3.63747e-13
Solving frequency = 392.003 Hz
Total assignment cost: 3.61523e-13
Solving frequency = 316.656 Hz
Total assignment cost: 3.61026e-13
Solving frequency = 363.24 Hz
Total assignment cost: 3.6254e-13
Solving frequency = 541.419 Hz
Total assignment cost: 3.69074e-13
Solving frequency = 361.402 Hz
Total assignment cost: 3.77069e-13
Solving frequency = 514.403 Hz
Total assignment cost: 3.8506e-13
Solving frequency = 363.372 Hz
Total assignment cost: 3.98442e-13
Solving frequency = 483.793 Hz
Total assignment cost: 4.04641e-13
Solving frequency = 525.762 Hz
Total assignment cost: 4.04064e-13
Solving frequency = 300.12 Hz
Total assignment cost: 3.93431e-13
Solving frequency = 305.623 Hz
Total assignment cost: 3.73755e-13
Solving frequency = 306.937 Hz
Total assignment cost: 3.63334e-13
Solving frequency = 495.295 Hz
Total assignment cost: 3.61816e-13
Solving frequency = 333.333 Hz
Total assignment cost: 3.75159e-13
Solving frequency = 554.939 Hz
Total assignment cost: 4.00894e-13
Solving frequency = 315.657 Hz
No collisions found!
All the vehicles reached their goals!

Total reallocations performed: 0
Writing solution to text file...
Writing goals to text file...
