Solving multi-robot motion planning problem...
Config: reallocation_enabled = 1
Config: reallocation_period = 2
Task reallocation ENABLED (period: 2s)
Solving frequency = 108.542 Hz
Solving frequency = 66.8047 Hz
Solving frequency = 64.8004 Hz
Solving frequency = 126.952 Hz
Solving frequency = 106.564 Hz
Solving frequency = 88.269 Hz
Solving frequency = 83.2848 Hz
Solving frequency = 74.7496 Hz
Solving frequency = 73.8934 Hz
Solving frequency = 89.0155 Hz
Solving frequency = 122.414 Hz
Solving frequency = 60.2809 Hz
Solving frequency = 77.1784 Hz
Solving frequency = 113.559 Hz
Solving frequency = 110.534 Hz
Solving frequency = 103.37 Hz
Solving frequency = 185.254 Hz
Solving frequency = 78.4375 Hz
Solving frequency = 150.376 Hz
Solving frequency = 202.265 Hz
Total assignment cost: 6.84721

=== Reallocation #1 at time 2s ===
Agent 0: Goal changed from 0 to 7 (Distance: 0.879428 m)
Agent 1: Goal changed from 1 to 6 (Distance: 0.870724 m)
Agent 2: Goal changed from 2 to 5 (Distance: 1.05764 m)
Agent 3: Goal changed from 3 to 4 (Distance: 0.570443 m)
Agent 4: Goal changed from 4 to 3 (Distance: 0.687469 m)
Agent 5: Goal changed from 5 to 2 (Distance: 1.07423 m)
Agent 6: Goal changed from 6 to 1 (Distance: 0.887004 m)
Agent 7: Goal changed from 7 to 0 (Distance: 0.82027 m)

*** GOALS REASSIGNED at t=2s ***

Solving frequency = 89.1424 Hz
Solving frequency = 144.655 Hz
Solving frequency = 113.302 Hz
Solving frequency = 196.696 Hz
Solving frequency = 202.429 Hz
Solving frequency = 270.051 Hz
Solving frequency = 245.821 Hz
Solving frequency = 423.908 Hz
Solving frequency = 272.48 Hz
Solving frequency = 286.205 Hz
Solving frequency = 285.225 Hz
Solving frequency = 254.972 Hz
Solving frequency = 287.191 Hz
Solving frequency = 282.008 Hz
Solving frequency = 297.885 Hz
Solving frequency = 289.352 Hz
Solving frequency = 282.725 Hz
Solving frequency = 328.192 Hz
Solving frequency = 359.712 Hz
Solving frequency = 227.946 Hz
Total assignment cost: 1.37623

=== Reallocation #2 at time 4s ===
Agent 0: Goal changed from 7 to 0 (Distance: 0.0169688 m)
Agent 1: Goal changed from 6 to 1 (Distance: 0.0168052 m)
Agent 2: Goal changed from 5 to 2 (Distance: 0.0309452 m)
Agent 3: Goal changed from 4 to 3 (Distance: 0.214118 m)
Agent 4: Goal changed from 3 to 4 (Distance: 0.00328307 m)
Agent 5: Goal changed from 2 to 5 (Distance: 0.00449173 m)
Agent 6: Goal changed from 1 to 6 (Distance: 0.889603 m)
Agent 7: Goal changed from 0 to 7 (Distance: 0.200013 m)

*** GOALS REASSIGNED at t=4s ***

Solving frequency = 284.576 Hz
Solving frequency = 390.32 Hz
Solving frequency = 302.755 Hz
Solving frequency = 378.644 Hz
Solving frequency = 302.663 Hz
Solving frequency = 194.25 Hz
Solving frequency = 233.918 Hz
Solving frequency = 225.989 Hz
Solving frequency = 262.329 Hz
Solving frequency = 212.54 Hz
Solving frequency = 247.463 Hz
Solving frequency = 243.072 Hz
Solving frequency = 239.521 Hz
Solving frequency = 343.997 Hz
Solving frequency = 254.712 Hz
Solving frequency = 232.072 Hz
Solving frequency = 254.842 Hz
Solving frequency = 231.16 Hz
Solving frequency = 250.564 Hz
Solving frequency = 231.054 Hz
Total assignment cost: 0.00170879
Solving frequency = 242.307 Hz
Total assignment cost: 0.00197191
Solving frequency = 245.339 Hz
Total assignment cost: 0.00198818
Solving frequency = 245.942 Hz
Total assignment cost: 0.00180482
Solving frequency = 243.665 Hz
Total assignment cost: 0.00149973
Solving frequency = 222.816 Hz
Total assignment cost: 0.00115408
Solving frequency = 245.821 Hz
Total assignment cost: 0.000833315
Solving frequency = 229.043 Hz
Total assignment cost: 0.000573179
Solving frequency = 243.784 Hz
Total assignment cost: 0.00037913
Solving frequency = 259 Hz
Total assignment cost: 0.000246503
Solving frequency = 269.324 Hz
Total assignment cost: 0.000162925
Solving frequency = 263.713 Hz
Total assignment cost: 0.000115016
Solving frequency = 361.795 Hz
Total assignment cost: 8.60406e-05
Solving frequency = 335.909 Hz
Total assignment cost: 6.59412e-05
Solving frequency = 401.768 Hz
Total assignment cost: 4.92952e-05
Solving frequency = 419.111 Hz
Total assignment cost: 3.43633e-05
Solving frequency = 311.624 Hz
Total assignment cost: 2.18099e-05
Solving frequency = 386.997 Hz
Total assignment cost: 1.20737e-05
Solving frequency = 307.977 Hz
Total assignment cost: 5.18165e-06
Solving frequency = 310.463 Hz
Total assignment cost: 2.27525e-06
Solving frequency = 224.82 Hz
Total assignment cost: 3.32503e-06
Solving frequency = 323.415 Hz
Total assignment cost: 3.28045e-06
Solving frequency = 248.633 Hz
Total assignment cost: 2.57363e-06
Solving frequency = 329.056 Hz
Total assignment cost: 1.75533e-06
Solving frequency = 176.18 Hz
Total assignment cost: 1.12035e-06
Solving frequency = 371.885 Hz
Total assignment cost: 6.88667e-07
Solving frequency = 228.571 Hz
Total assignment cost: 4.37138e-07
Solving frequency = 308.928 Hz
Total assignment cost: 3.40723e-07
Solving frequency = 239.12 Hz
Total assignment cost: 3.44305e-07
Solving frequency = 211.595 Hz
Total assignment cost: 3.58231e-07
Solving frequency = 217.533 Hz
Total assignment cost: 3.36466e-07
Solving frequency = 298.151 Hz
Total assignment cost: 2.75938e-07
Solving frequency = 194.818 Hz
Total assignment cost: 1.98018e-07
Solving frequency = 319.795 Hz
Total assignment cost: 1.23844e-07
Solving frequency = 210.97 Hz
Total assignment cost: 6.75229e-08
Solving frequency = 209.908 Hz
Total assignment cost: 3.06394e-08
Solving frequency = 211.104 Hz
Total assignment cost: 1.39855e-08
Solving frequency = 306.937 Hz
Total assignment cost: 1.13022e-08
Solving frequency = 205.761 Hz
Total assignment cost: 7.74692e-09
Solving frequency = 406.504 Hz
Total assignment cost: 4.17676e-09
Solving frequency = 200.803 Hz
Total assignment cost: 4.57872e-09
Solving frequency = 217.061 Hz
Total assignment cost: 5.27324e-09
Solving frequency = 317.36 Hz
Total assignment cost: 4.407e-09
Solving frequency = 279.486 Hz
Total assignment cost: 2.69501e-09
Solving frequency = 283.527 Hz
Total assignment cost: 1.04408e-09
Solving frequency = 289.352 Hz
Total assignment cost: 1.04533e-09
Solving frequency = 287.109 Hz
Total assignment cost: 1.67678e-09
Solving frequency = 283.607 Hz
Total assignment cost: 1.73307e-09
Solving frequency = 244.499 Hz
Total assignment cost: 1.39515e-09
Solving frequency = 179.533 Hz
Total assignment cost: 9.16981e-10
Solving frequency = 238.607 Hz
Total assignment cost: 4.98612e-10
Solving frequency = 245.218 Hz
Total assignment cost: 2.39048e-10
Solving frequency = 237.925 Hz
Total assignment cost: 1.59085e-10
Solving frequency = 234.247 Hz
Total assignment cost: 1.37627e-10
Solving frequency = 238.095 Hz
Total assignment cost: 8.72221e-11
Solving frequency = 243.013 Hz
Total assignment cost: 3.71303e-11
Solving frequency = 232.126 Hz
Total assignment cost: 4.64586e-11
Solving frequency = 234.632 Hz
Total assignment cost: 6.5018e-11
Solving frequency = 235.793 Hz
Total assignment cost: 6.20227e-11
Solving frequency = 235.905 Hz
Total assignment cost: 4.50791e-11
Solving frequency = 231.16 Hz
Total assignment cost: 2.52336e-11
Solving frequency = 240.964 Hz
Total assignment cost: 1.10822e-11
Solving frequency = 238.265 Hz
Total assignment cost: 9.47488e-12
Solving frequency = 236.295 Hz
Total assignment cost: 1.19646e-11
Solving frequency = 236.518 Hz
Total assignment cost: 1.06991e-11
Solving frequency = 243.309 Hz
Total assignment cost: 7.34219e-12
Solving frequency = 234.852 Hz
Total assignment cost: 3.96854e-12
Solving frequency = 241.838 Hz
Total assignment cost: 2.12963e-12
Solving frequency = 348.797 Hz
Total assignment cost: 2.3034e-12
Solving frequency = 395.257 Hz
Total assignment cost: 2.2837e-12
Solving frequency = 419.815 Hz
Total assignment cost: 1.71011e-12
Solving frequency = 419.111 Hz
Total assignment cost: 9.91695e-13
Solving frequency = 359.971 Hz
Total assignment cost: 5.74937e-13
Solving frequency = 347.947 Hz
Total assignment cost: 7.50242e-13
Solving frequency = 381.388 Hz
Total assignment cost: 8.239e-13
Solving frequency = 415.455 Hz
Total assignment cost: 7.24986e-13
Solving frequency = 425.532 Hz
Total assignment cost: 5.51445e-13
Solving frequency = 422.833 Hz
Total assignment cost: 3.99554e-13
Solving frequency = 422.297 Hz
Total assignment cost: 3.6162e-13
Solving frequency = 328.947 Hz
Total assignment cost: 4.05666e-13
Solving frequency = 379.795 Hz
Total assignment cost: 4.06753e-13
Solving frequency = 216.497 Hz
Total assignment cost: 3.81971e-13
Solving frequency = 239.751 Hz
Total assignment cost: 3.55273e-13
Solving frequency = 356.761 Hz
Total assignment cost: 3.54321e-13
Solving frequency = 390.32 Hz
Total assignment cost: 3.75279e-13
Solving frequency = 219.298 Hz
Total assignment cost: 4.02382e-13
Solving frequency = 238.663 Hz
Total assignment cost: 4.28363e-13
Solving frequency = 239.006 Hz
Total assignment cost: 4.53802e-13
Solving frequency = 400.32 Hz
Total assignment cost: 4.78595e-13
Solving frequency = 355.492 Hz
Total assignment cost: 4.91476e-13
Solving frequency = 353.607 Hz
Total assignment cost: 4.90156e-13
Solving frequency = 245.218 Hz
Total assignment cost: 4.73605e-13
Solving frequency = 214.777 Hz
Total assignment cost: 4.48169e-13
Solving frequency = 434.972 Hz
Total assignment cost: 4.20916e-13
Solving frequency = 211.73 Hz
Total assignment cost: 4.06115e-13
Solving frequency = 437.254 Hz
Total assignment cost: 3.9869e-13
Solving frequency = 434.972 Hz
Total assignment cost: 3.92847e-13
Solving frequency = 256.805 Hz
Total assignment cost: 3.91126e-13
Solving frequency = 359.324 Hz
Total assignment cost: 3.94494e-13
Solving frequency = 411.862 Hz
Total assignment cost: 4.06756e-13
Solving frequency = 406.174 Hz
Total assignment cost: 4.17654e-13
Solving frequency = 434.028 Hz
Total assignment cost: 4.17512e-13
Solving frequency = 249.501 Hz
Total assignment cost: 4.1163e-13
Solving frequency = 257.136 Hz
Total assignment cost: 4.11226e-13
Solving frequency = 399.68 Hz
Total assignment cost: 4.15356e-13
Solving frequency = 239.923 Hz
Total assignment cost: 4.17132e-13
Solving frequency = 219.974 Hz
Total assignment cost: 4.16062e-13
Solving frequency = 238.55 Hz
Total assignment cost: 4.11898e-13
Solving frequency = 230.521 Hz
Total assignment cost: 4.04664e-13
Solving frequency = 242.601 Hz
Total assignment cost: 3.952e-13
Solving frequency = 238.892 Hz
Total assignment cost: 3.82066e-13
Solving frequency = 241.429 Hz
Total assignment cost: 3.67961e-13
Solving frequency = 241.488 Hz
Total assignment cost: 3.55367e-13
Solving frequency = 241.022 Hz
Total assignment cost: 3.51108e-13
Solving frequency = 240.327 Hz
Total assignment cost: 3.44935e-13
Solving frequency = 240.096 Hz
Total assignment cost: 3.4006e-13
Solving frequency = 243.962 Hz
Total assignment cost: 3.32664e-13
Solving frequency = 232.775 Hz
Total assignment cost: 3.18257e-13
Solving frequency = 208.117 Hz
Total assignment cost: 3.00564e-13
Solving frequency = 229.832 Hz
Total assignment cost: 2.92485e-13
Solving frequency = 372.024 Hz
Total assignment cost: 2.99581e-13
Solving frequency = 330.469 Hz
Total assignment cost: 3.19002e-13
Solving frequency = 358.423 Hz
Total assignment cost: 3.45922e-13
Solving frequency = 292.654 Hz
Total assignment cost: 3.73686e-13
Solving frequency = 379.939 Hz
Total assignment cost: 4.009e-13
Solving frequency = 310.27 Hz
Total assignment cost: 4.2042e-13
Solving frequency = 385.951 Hz
Total assignment cost: 4.33574e-13
Solving frequency = 304.414 Hz
Total assignment cost: 4.45032e-13
Solving frequency = 374.532 Hz
Total assignment cost: 4.54486e-13
Solving frequency = 305.437 Hz
Total assignment cost: 4.62539e-13
Solving frequency = 210.349 Hz
Total assignment cost: 4.71194e-13
Solving frequency = 213.129 Hz
Total assignment cost: 4.79278e-13
Solving frequency = 327.761 Hz
Total assignment cost: 4.83172e-13
Solving frequency = 339.443 Hz
Total assignment cost: 4.84822e-13
Solving frequency = 211.193 Hz
Total assignment cost: 4.85426e-13
Solving frequency = 292.312 Hz
Total assignment cost: 4.80106e-13
Solving frequency = 387.147 Hz
Total assignment cost: 4.68924e-13
Solving frequency = 211.64 Hz
Total assignment cost: 4.49868e-13
Solving frequency = 299.043 Hz
Total assignment cost: 4.36296e-13
Solving frequency = 291.886 Hz
Total assignment cost: 4.27549e-13
Solving frequency = 291.8 Hz
Total assignment cost: 4.21831e-13
Solving frequency = 211.282 Hz
Total assignment cost: 4.08758e-13
Solving frequency = 377.216 Hz
Total assignment cost: 3.96889e-13
Solving frequency = 209.688 Hz
Total assignment cost: 3.96965e-13
Solving frequency = 306.843 Hz
Total assignment cost: 4.03579e-13
Solving frequency = 412.201 Hz
Total assignment cost: 4.09194e-13
Solving frequency = 240.269 Hz
Total assignment cost: 4.12344e-13
Solving frequency = 240.616 Hz
Total assignment cost: 4.16162e-13
Solving frequency = 246.305 Hz
Total assignment cost: 4.22093e-13
Solving frequency = 222.668 Hz
Total assignment cost: 4.23137e-13
Solving frequency = 241.08 Hz
Total assignment cost: 4.24475e-13
Solving frequency = 236.798 Hz
Total assignment cost: 4.19498e-13
Solving frequency = 242.718 Hz
Total assignment cost: 4.11102e-13
Solving frequency = 225.175 Hz
Total assignment cost: 4.00999e-13
Solving frequency = 240.616 Hz
Total assignment cost: 3.95144e-13
Solving frequency = 236.967 Hz
Total assignment cost: 3.93934e-13
Solving frequency = 239.521 Hz
Total assignment cost: 3.96814e-13
Solving frequency = 239.981 Hz
Total assignment cost: 4.0391e-13
Solving frequency = 240.327 Hz
Total assignment cost: 4.13593e-13
Solving frequency = 236.742 Hz
Total assignment cost: 4.28331e-13
Solving frequency = 244.379 Hz
Total assignment cost: 4.44117e-13
Solving frequency = 262.329 Hz
Total assignment cost: 4.60136e-13
Solving frequency = 239.177 Hz
Total assignment cost: 4.74927e-13
Solving frequency = 238.949 Hz
Total assignment cost: 4.80617e-13
Solving frequency = 243.665 Hz
Total assignment cost: 4.78358e-13
Solving frequency = 220.119 Hz
Total assignment cost: 4.7486e-13
Solving frequency = 244.081 Hz
Total assignment cost: 4.75989e-13
Solving frequency = 238.265 Hz
Total assignment cost: 4.8576e-13
Solving frequency = 242.718 Hz
Total assignment cost: 5.04461e-13
Solving frequency = 242.483 Hz
Total assignment cost: 5.24443e-13
Solving frequency = 239.177 Hz
Total assignment cost: 5.38135e-13
Solving frequency = 238.55 Hz
Total assignment cost: 5.42847e-13
Solving frequency = 236.463 Hz
Total assignment cost: 5.41053e-13
Solving frequency = 219.587 Hz
Total assignment cost: 5.3613e-13
Solving frequency = 237.079 Hz
Total assignment cost: 5.33444e-13
Solving frequency = 241.955 Hz
Total assignment cost: 5.28431e-13
Solving frequency = 234.302 Hz
Total assignment cost: 5.22147e-13
Solving frequency = 239.751 Hz
Total assignment cost: 5.12229e-13
Solving frequency = 236.967 Hz
Total assignment cost: 4.97431e-13
Solving frequency = 236.463 Hz
Total assignment cost: 4.76684e-13
Solving frequency = 233.209 Hz
Total assignment cost: 4.49698e-13
Solving frequency = 236.295 Hz
Total assignment cost: 4.16144e-13
Solving frequency = 237.361 Hz
Total assignment cost: 3.86327e-13
Solving frequency = 232.937 Hz
Total assignment cost: 3.62599e-13
Solving frequency = 243.784 Hz
Total assignment cost: 3.38722e-13
Solving frequency = 238.777 Hz
Total assignment cost: 3.1663e-13
Solving frequency = 237.756 Hz
Total assignment cost: 3.02006e-13
Solving frequency = 222.124 Hz
Total assignment cost: 3.04754e-13
Solving frequency = 223.015 Hz
Total assignment cost: 3.20405e-13
Solving frequency = 245.098 Hz
Total assignment cost: 3.36576e-13
Solving frequency = 236.463 Hz
Total assignment cost: 3.48909e-13
Solving frequency = 239.292 Hz
Total assignment cost: 3.57409e-13
Solving frequency = 238.55 Hz
Total assignment cost: 3.62423e-13
Solving frequency = 237.417 Hz
Total assignment cost: 3.68018e-13
Solving frequency = 242.66 Hz
Total assignment cost: 3.77496e-13
Solving frequency = 244.798 Hz
Total assignment cost: 3.89124e-13
Solving frequency = 239.636 Hz
Total assignment cost: 3.99859e-13
Solving frequency = 245.58 Hz
Total assignment cost: 4.07675e-13
Solving frequency = 240.385 Hz
Total assignment cost: 4.15363e-13
Solving frequency = 245.821 Hz
Total assignment cost: 4.26954e-13
Solving frequency = 238.892 Hz
Total assignment cost: 4.40932e-13
Solving frequency = 307.787 Hz
Total assignment cost: 4.55927e-13
Solving frequency = 378.644 Hz
Total assignment cost: 4.70318e-13
Solving frequency = 204.834 Hz
Total assignment cost: 4.78594e-13
Solving frequency = 245.519 Hz
Total assignment cost: 4.7566e-13
Solving frequency = 247.586 Hz
Total assignment cost: 4.64029e-13
Solving frequency = 248.942 Hz
Total assignment cost: 4.5178e-13
Solving frequency = 246.427 Hz
Total assignment cost: 4.34116e-13
Solving frequency = 249.626 Hz
Total assignment cost: 4.17152e-13
Solving frequency = 245.098 Hz
Total assignment cost: 3.95118e-13
Solving frequency = 227.221 Hz
Total assignment cost: 3.63275e-13
Solving frequency = 247.77 Hz
Total assignment cost: 3.30454e-13
Solving frequency = 247.525 Hz
Total assignment cost: 3.03692e-13
Solving frequency = 245.098 Hz
Total assignment cost: 2.87693e-13
Solving frequency = 247.647 Hz
Total assignment cost: 2.80195e-13
Solving frequency = 246.488 Hz
Total assignment cost: 2.82147e-13
Solving frequency = 245.519 Hz
Total assignment cost: 2.81805e-13
Solving frequency = 247.219 Hz
Total assignment cost: 2.77334e-13
Solving frequency = 439.754 Hz
Total assignment cost: 2.71786e-13
Solving frequency = 246.063 Hz
Total assignment cost: 2.69284e-13
Solving frequency = 250.941 Hz
Total assignment cost: 2.80692e-13
Solving frequency = 245.218 Hz
Total assignment cost: 3.00172e-13
Solving frequency = 246.245 Hz
Total assignment cost: 3.20314e-13
Solving frequency = 391.85 Hz
Total assignment cost: 3.38004e-13
Solving frequency = 407 Hz
Total assignment cost: 3.41365e-13
Solving frequency = 247.525 Hz
Total assignment cost: 3.32489e-13
Solving frequency = 337.952 Hz
Total assignment cost: 3.18893e-13
Solving frequency = 246.731 Hz
Total assignment cost: 3.16196e-13
Solving frequency = 242.072 Hz
Total assignment cost: 3.22709e-13
Solving frequency = 247.525 Hz
Total assignment cost: 3.35475e-13
Solving frequency = 242.542 Hz
Total assignment cost: 3.5119e-13
Solving frequency = 249.813 Hz
Total assignment cost: 3.6929e-13
Solving frequency = 345.066 Hz
Total assignment cost: 3.79078e-13
Solving frequency = 224.568 Hz
Total assignment cost: 3.8051e-13
Solving frequency = 223.015 Hz
Total assignment cost: 3.82063e-13
Solving frequency = 245.821 Hz
Total assignment cost: 3.82981e-13
Solving frequency = 408.664 Hz
Total assignment cost: 3.93968e-13
Solving frequency = 235.96 Hz
Total assignment cost: 4.03872e-13
Solving frequency = 375.94 Hz
Total assignment cost: 4.0779e-13
Solving frequency = 345.662 Hz
Total assignment cost: 4.03946e-13
Solving frequency = 241.779 Hz
Total assignment cost: 3.9548e-13
Solving frequency = 239.866 Hz
Total assignment cost: 3.9139e-13
Solving frequency = 244.918 Hz
Total assignment cost: 3.93886e-13
Solving frequency = 237.925 Hz
Total assignment cost: 4.00243e-13
Solving frequency = 244.918 Hz
Total assignment cost: 4.15385e-13
Solving frequency = 242.189 Hz
Total assignment cost: 4.34203e-13
Solving frequency = 241.955 Hz
Total assignment cost: 4.4652e-13
Solving frequency = 237.417 Hz
Total assignment cost: 4.52704e-13
Solving frequency = 241.955 Hz
Total assignment cost: 4.52134e-13
Solving frequency = 243.784 Hz
Total assignment cost: 4.46314e-13
Solving frequency = 243.072 Hz
Total assignment cost: 4.38279e-13
Solving frequency = 239.12 Hz
Total assignment cost: 4.29556e-13
Solving frequency = 237.812 Hz
Total assignment cost: 4.13861e-13
Solving frequency = 236.518 Hz
Total assignment cost: 4.00612e-13
Solving frequency = 238.663 Hz
Total assignment cost: 3.87425e-13
Solving frequency = 239.12 Hz
Total assignment cost: 3.82128e-13
Solving frequency = 238.436 Hz
Total assignment cost: 3.83496e-13
Solving frequency = 236.016 Hz
Total assignment cost: 3.87313e-13
Solving frequency = 235.571 Hz
Total assignment cost: 3.92214e-13
Solving frequency = 218.723 Hz
Total assignment cost: 3.98605e-13
Solving frequency = 240.211 Hz
Total assignment cost: 4.07286e-13
Solving frequency = 247.219 Hz
Total assignment cost: 4.08371e-13
Solving frequency = 250.627 Hz
Total assignment cost: 4.11453e-13
Solving frequency = 255.167 Hz
Total assignment cost: 4.16635e-13
Solving frequency = 236.798 Hz
Total assignment cost: 4.14519e-13
Solving frequency = 165.426 Hz
Total assignment cost: 4.02924e-13
Solving frequency = 253.1 Hz
Total assignment cost: 3.7973e-13
Solving frequency = 239.578 Hz
Total assignment cost: 3.67145e-13
Solving frequency = 248.262 Hz
Total assignment cost: 3.61582e-13
Solving frequency = 249.19 Hz
Total assignment cost: 3.54264e-13
Solving frequency = 241.138 Hz
Total assignment cost: 3.49936e-13
Solving frequency = 206.954 Hz
Total assignment cost: 3.49786e-13
Solving frequency = 246.063 Hz
Total assignment cost: 3.56235e-13
Solving frequency = 214.225 Hz
Total assignment cost: 3.66002e-13
Solving frequency = 300.12 Hz
Total assignment cost: 3.80456e-13
Solving frequency = 290.107 Hz
Total assignment cost: 3.95145e-13
Solving frequency = 377.216 Hz
Total assignment cost: 4.07252e-13
Solving frequency = 308.737 Hz
Total assignment cost: 4.15375e-13
Solving frequency = 394.633 Hz
Total assignment cost: 4.18727e-13
Solving frequency = 302.755 Hz
Total assignment cost: 4.18445e-13
Solving frequency = 390.93 Hz
Total assignment cost: 4.12498e-13
Solving frequency = 432.152 Hz
Total assignment cost: 3.98168e-13
Solving frequency = 193.536 Hz
Total assignment cost: 3.75837e-13
Solving frequency = 219.491 Hz
Total assignment cost: 3.55363e-13
Solving frequency = 217.486 Hz
Total assignment cost: 3.37268e-13
Solving frequency = 214.454 Hz
Total assignment cost: 3.22816e-13
Solving frequency = 219.25 Hz
Total assignment cost: 3.21199e-13
Solving frequency = 193.536 Hz
Total assignment cost: 3.18517e-13
Solving frequency = 181.951 Hz
Total assignment cost: 3.06933e-13
Solving frequency = 202.224 Hz
Total assignment cost: 2.9315e-13
Solving frequency = 219.058 Hz
No collisions found!
All the vehicles reached their goals!

Total reallocations performed: 2
Writing solution to text file...
Writing goals to text file...
