Solving multi-robot motion planning problem...
Config: reallocation_enabled = 1
Config: reallocation_period = 2
Task reallocation ENABLED (period: 2s)
Solving frequency = 145.709 Hz
Solving frequency = 99.2359 Hz
Solving frequency = 101.76 Hz
Solving frequency = 132.626 Hz
Solving frequency = 107.945 Hz
Solving frequency = 113.482 Hz
Solving frequency = 103.413 Hz
Solving frequency = 113.058 Hz
Solving frequency = 71.7309 Hz
Solving frequency = 89.3096 Hz
Solving frequency = 114.116 Hz
Solving frequency = 93.4929 Hz
Solving frequency = 106.587 Hz
Solving frequency = 69.8861 Hz
Solving frequency = 117.412 Hz
Solving frequency = 75.0188 Hz
Solving frequency = 105.363 Hz
Solving frequency = 164.312 Hz
Solving frequency = 182.548 Hz
Solving frequency = 102.512 Hz
Total assignment cost: 6.84721

=== Reallocation #1 at time 2s ===
Agent 0: Goal changed from 0 to 7 (Distance: 0.879428 m)
Agent 1: Goal changed from 1 to 6 (Distance: 0.870724 m)
Agent 2: Goal changed from 2 to 5 (Distance: 1.05764 m)
Agent 3: Goal changed from 3 to 4 (Distance: 0.570443 m)
Agent 4: Goal changed from 4 to 3 (Distance: 0.687469 m)
Agent 5: Goal changed from 5 to 2 (Distance: 1.07423 m)
Agent 6: Goal changed from 6 to 1 (Distance: 0.887004 m)
Agent 7: Goal changed from 7 to 0 (Distance: 0.82027 m)

*** GOALS REASSIGNED at t=2s ***

Solving frequency = 157.085 Hz
Solving frequency = 154.25 Hz
Solving frequency = 163.292 Hz
Solving frequency = 126.358 Hz
Solving frequency = 180.473 Hz
Solving frequency = 153.304 Hz
Solving frequency = 266.17 Hz
Solving frequency = 287.356 Hz
Solving frequency = 282.885 Hz
Solving frequency = 255.82 Hz
Solving frequency = 324.992 Hz
Solving frequency = 261.028 Hz
Solving frequency = 292.569 Hz
Solving frequency = 281.611 Hz
Solving frequency = 187.266 Hz
Solving frequency = 194.59 Hz
Solving frequency = 206.911 Hz
Solving frequency = 208.203 Hz
Solving frequency = 337.268 Hz
Solving frequency = 314.169 Hz
Total assignment cost: 1.37623

=== Reallocation #2 at time 4s ===
Agent 0: Goal changed from 7 to 0 (Distance: 0.0169688 m)
Agent 1: Goal changed from 6 to 1 (Distance: 0.0168052 m)
Agent 2: Goal changed from 5 to 2 (Distance: 0.0309452 m)
Agent 3: Goal changed from 4 to 3 (Distance: 0.214118 m)
Agent 4: Goal changed from 3 to 4 (Distance: 0.00328307 m)
Agent 5: Goal changed from 2 to 5 (Distance: 0.00449173 m)
Agent 6: Goal changed from 1 to 6 (Distance: 0.889603 m)
Agent 7: Goal changed from 0 to 7 (Distance: 0.200013 m)

*** GOALS REASSIGNED at t=4s ***

Solving frequency = 300.21 Hz
Solving frequency = 381.679 Hz
Solving frequency = 222.074 Hz
Solving frequency = 244.559 Hz
Solving frequency = 284.252 Hz
Solving frequency = 226.809 Hz
Solving frequency = 223.015 Hz
Solving frequency = 227.894 Hz
Solving frequency = 234.687 Hz
Solving frequency = 223.764 Hz
Solving frequency = 248.633 Hz
Solving frequency = 226.347 Hz
Solving frequency = 216.826 Hz
Solving frequency = 251.762 Hz
Solving frequency = 538.793 Hz
Solving frequency = 248.201 Hz
Solving frequency = 316.656 Hz
Solving frequency = 235.46 Hz
Solving frequency = 200.16 Hz
Solving frequency = 374.111 Hz
Total assignment cost: 0.00170879
Solving frequency = 306.091 Hz
Total assignment cost: 0.00197191
Solving frequency = 382.409 Hz
Total assignment cost: 0.00198818
Solving frequency = 304.321 Hz
Total assignment cost: 0.00180482
Solving frequency = 374.392 Hz
Total assignment cost: 0.00149973
Solving frequency = 307.503 Hz
Total assignment cost: 0.00115408
Solving frequency = 402.253 Hz
Total assignment cost: 0.000833315
Solving frequency = 400 Hz
Total assignment cost: 0.000573179
Solving frequency = 302.939 Hz
Total assignment cost: 0.00037913
Solving frequency = 397.772 Hz
Total assignment cost: 0.000246503
Solving frequency = 307.882 Hz
Total assignment cost: 0.000162925
Solving frequency = 387.898 Hz
Total assignment cost: 0.000115016
Solving frequency = 212.404 Hz
Total assignment cost: 8.60406e-05
Solving frequency = 229.621 Hz
Total assignment cost: 6.59412e-05
Solving frequency = 251.762 Hz
Total assignment cost: 4.92952e-05
Solving frequency = 231.267 Hz
Total assignment cost: 3.43633e-05
Solving frequency = 249.813 Hz
Total assignment cost: 2.18099e-05
Solving frequency = 220.799 Hz
Total assignment cost: 1.20737e-05
Solving frequency = 326.264 Hz
Total assignment cost: 5.18165e-06
Solving frequency = 252.398 Hz
Total assignment cost: 2.27525e-06
Solving frequency = 233.699 Hz
Total assignment cost: 3.32503e-06
Solving frequency = 251.699 Hz
Total assignment cost: 3.28045e-06
Solving frequency = 232.775 Hz
Total assignment cost: 2.57363e-06
Solving frequency = 228.571 Hz
Total assignment cost: 1.75533e-06
Solving frequency = 228.781 Hz
Total assignment cost: 1.12035e-06
Solving frequency = 234.632 Hz
Total assignment cost: 6.88667e-07
Solving frequency = 225.175 Hz
Total assignment cost: 4.37138e-07
Solving frequency = 230.468 Hz
Total assignment cost: 3.40723e-07
Solving frequency = 240.732 Hz
Total assignment cost: 3.44305e-07
Solving frequency = 229.2 Hz
Total assignment cost: 3.58231e-07
Solving frequency = 228.311 Hz
Total assignment cost: 3.36466e-07
Solving frequency = 217.865 Hz
Total assignment cost: 2.75938e-07
Solving frequency = 210.305 Hz
Total assignment cost: 1.98018e-07
Solving frequency = 212.45 Hz
Total assignment cost: 1.23844e-07
Solving frequency = 175.778 Hz
Total assignment cost: 6.75229e-08
Solving frequency = 204.541 Hz
Total assignment cost: 3.06394e-08
Solving frequency = 212.404 Hz
Total assignment cost: 1.39855e-08
Solving frequency = 210.305 Hz
Total assignment cost: 1.13022e-08
Solving frequency = 214.408 Hz
Total assignment cost: 7.74692e-09
Solving frequency = 314.564 Hz
Total assignment cost: 4.17676e-09
Solving frequency = 209.512 Hz
Total assignment cost: 4.57872e-09
Solving frequency = 216.076 Hz
Total assignment cost: 5.27324e-09
Solving frequency = 231.267 Hz
Total assignment cost: 4.407e-09
Solving frequency = 231.267 Hz
Total assignment cost: 2.69501e-09
Solving frequency = 233.863 Hz
Total assignment cost: 1.04408e-09
Solving frequency = 240.964 Hz
Total assignment cost: 1.04533e-09
Solving frequency = 404.204 Hz
Total assignment cost: 1.67678e-09
Solving frequency = 223.115 Hz
Total assignment cost: 1.73307e-09
Solving frequency = 264.831 Hz
Total assignment cost: 1.39515e-09
Solving frequency = 179.986 Hz
Total assignment cost: 9.16981e-10
Solving frequency = 217.202 Hz
Total assignment cost: 4.98612e-10
Solving frequency = 214.869 Hz
Total assignment cost: 2.39048e-10
Solving frequency = 216.076 Hz
Total assignment cost: 1.59085e-10
Solving frequency = 209.424 Hz
Total assignment cost: 1.37627e-10
Solving frequency = 209.074 Hz
Total assignment cost: 8.72221e-11
Solving frequency = 214.316 Hz
Total assignment cost: 3.71303e-11
Solving frequency = 214.408 Hz
Total assignment cost: 4.64586e-11
Solving frequency = 167.87 Hz
Total assignment cost: 6.5018e-11
Solving frequency = 309.502 Hz
Total assignment cost: 6.20227e-11
Solving frequency = 287.356 Hz
Total assignment cost: 4.50791e-11
Solving frequency = 280.112 Hz
Total assignment cost: 2.52336e-11
Solving frequency = 285.063 Hz
Total assignment cost: 1.10822e-11
Solving frequency = 287.274 Hz
Total assignment cost: 9.47488e-12
Solving frequency = 285.714 Hz
Total assignment cost: 1.19646e-11
Solving frequency = 283.688 Hz
Total assignment cost: 1.06991e-11
Solving frequency = 216.826 Hz
Total assignment cost: 7.34219e-12
Solving frequency = 205.086 Hz
Total assignment cost: 3.96854e-12
Solving frequency = 210.438 Hz
Total assignment cost: 2.12963e-12
Solving frequency = 208.943 Hz
Total assignment cost: 2.3034e-12
Solving frequency = 212.811 Hz
Total assignment cost: 2.2837e-12
Solving frequency = 215.75 Hz
Total assignment cost: 1.71011e-12
Solving frequency = 201.613 Hz
Total assignment cost: 9.91695e-13
Solving frequency = 218.341 Hz
Total assignment cost: 5.74937e-13
Solving frequency = 212.721 Hz
Total assignment cost: 7.50242e-13
Solving frequency = 208.377 Hz
Total assignment cost: 8.239e-13
Solving frequency = 217.108 Hz
Total assignment cost: 7.24986e-13
Solving frequency = 216.263 Hz
Total assignment cost: 5.51445e-13
Solving frequency = 212.404 Hz
Total assignment cost: 3.99554e-13
Solving frequency = 218.103 Hz
Total assignment cost: 3.6162e-13
Solving frequency = 211.82 Hz
Total assignment cost: 4.05666e-13
Solving frequency = 214.316 Hz
Total assignment cost: 4.06753e-13
Solving frequency = 213.675 Hz
Total assignment cost: 3.81971e-13
Solving frequency = 214.133 Hz
Total assignment cost: 3.55273e-13
Solving frequency = 211.104 Hz
Total assignment cost: 3.54321e-13
Solving frequency = 214.179 Hz
Total assignment cost: 3.75279e-13
Solving frequency = 217.202 Hz
Total assignment cost: 4.02382e-13
Solving frequency = 211.149 Hz
Total assignment cost: 4.28363e-13
Solving frequency = 209.864 Hz
Total assignment cost: 4.53802e-13
Solving frequency = 179.598 Hz
Total assignment cost: 4.78595e-13
Solving frequency = 200.521 Hz
Total assignment cost: 4.91476e-13
Solving frequency = 186.811 Hz
Total assignment cost: 4.90156e-13
Solving frequency = 212.179 Hz
Total assignment cost: 4.73605e-13
Solving frequency = 229.253 Hz
Total assignment cost: 4.48169e-13
Solving frequency = 222.074 Hz
Total assignment cost: 4.20916e-13
Solving frequency = 214.041 Hz
Total assignment cost: 4.06115e-13
Solving frequency = 213.311 Hz
Total assignment cost: 3.9869e-13
Solving frequency = 215.703 Hz
Total assignment cost: 3.92847e-13
Solving frequency = 220.41 Hz
Total assignment cost: 3.91126e-13
Solving frequency = 217.297 Hz
Total assignment cost: 3.94494e-13
Solving frequency = 240.964 Hz
Total assignment cost: 4.06756e-13
Solving frequency = 224.065 Hz
Total assignment cost: 4.17654e-13
Solving frequency = 219.877 Hz
Total assignment cost: 4.17512e-13
Solving frequency = 216.497 Hz
Total assignment cost: 4.1163e-13
Solving frequency = 215.517 Hz
Total assignment cost: 4.11226e-13
Solving frequency = 250.125 Hz
Total assignment cost: 4.15356e-13
Solving frequency = 193.013 Hz
Total assignment cost: 4.17132e-13
Solving frequency = 201.939 Hz
Total assignment cost: 4.16062e-13
Solving frequency = 206.654 Hz
Total assignment cost: 4.11898e-13
Solving frequency = 210.172 Hz
Total assignment cost: 4.04664e-13
Solving frequency = 205.381 Hz
Total assignment cost: 3.952e-13
Solving frequency = 212.224 Hz
Total assignment cost: 3.82066e-13
Solving frequency = 211.06 Hz
Total assignment cost: 3.67961e-13
Solving frequency = 319.795 Hz
Total assignment cost: 3.55367e-13
Solving frequency = 207.297 Hz
Total assignment cost: 3.51108e-13
Solving frequency = 194.175 Hz
Total assignment cost: 3.44935e-13
Solving frequency = 207.555 Hz
Total assignment cost: 3.4006e-13
Solving frequency = 221.533 Hz
Total assignment cost: 3.32664e-13
Solving frequency = 218.914 Hz
Total assignment cost: 3.18257e-13
Solving frequency = 230.256 Hz
Total assignment cost: 3.00564e-13
Solving frequency = 207.125 Hz
Total assignment cost: 2.92485e-13
Solving frequency = 211.416 Hz
Total assignment cost: 2.99581e-13
Solving frequency = 213.174 Hz
Total assignment cost: 3.19002e-13
Solving frequency = 213.356 Hz
Total assignment cost: 3.45922e-13
Solving frequency = 215.332 Hz
Total assignment cost: 3.73686e-13
Solving frequency = 219.539 Hz
Total assignment cost: 4.009e-13
Solving frequency = 289.687 Hz
Total assignment cost: 4.2042e-13
Solving frequency = 375.094 Hz
Total assignment cost: 4.33574e-13
Solving frequency = 218.293 Hz
Total assignment cost: 4.45032e-13
Solving frequency = 296.384 Hz
Total assignment cost: 4.54486e-13
Solving frequency = 208.29 Hz
Total assignment cost: 4.62539e-13
Solving frequency = 206.697 Hz
Total assignment cost: 4.71194e-13
Solving frequency = 208.812 Hz
Total assignment cost: 4.79278e-13
Solving frequency = 216.873 Hz
Total assignment cost: 4.83172e-13
Solving frequency = 216.076 Hz
Total assignment cost: 4.84822e-13
Solving frequency = 212.179 Hz
Total assignment cost: 4.85426e-13
Solving frequency = 206.143 Hz
Total assignment cost: 4.80106e-13
Solving frequency = 209.118 Hz
Total assignment cost: 4.68924e-13
Solving frequency = 213.311 Hz
Total assignment cost: 4.49868e-13
Solving frequency = 215.75 Hz
Total assignment cost: 4.36296e-13
Solving frequency = 210.261 Hz
Total assignment cost: 4.27549e-13
Solving frequency = 209.6 Hz
Total assignment cost: 4.21831e-13
Solving frequency = 212.857 Hz
Total assignment cost: 4.08758e-13
Solving frequency = 219.587 Hz
Total assignment cost: 3.96889e-13
Solving frequency = 215.378 Hz
Total assignment cost: 3.96965e-13
Solving frequency = 179.662 Hz
Total assignment cost: 4.03579e-13
Solving frequency = 177.904 Hz
Total assignment cost: 4.09194e-13
Solving frequency = 227.066 Hz
Total assignment cost: 4.12344e-13
Solving frequency = 214.133 Hz
Total assignment cost: 4.16162e-13
Solving frequency = 221.239 Hz
Total assignment cost: 4.22093e-13
Solving frequency = 212.134 Hz
Total assignment cost: 4.23137e-13
Solving frequency = 312.695 Hz
Total assignment cost: 4.24475e-13
Solving frequency = 288.184 Hz
Total assignment cost: 4.19498e-13
Solving frequency = 288.517 Hz
Total assignment cost: 4.11102e-13
Solving frequency = 289.352 Hz
Total assignment cost: 4.00999e-13
Solving frequency = 375.375 Hz
Total assignment cost: 3.95144e-13
Solving frequency = 295.596 Hz
Total assignment cost: 3.93934e-13
Solving frequency = 208.899 Hz
Total assignment cost: 3.96814e-13
Solving frequency = 256.739 Hz
Total assignment cost: 4.0391e-13
Solving frequency = 329.272 Hz
Total assignment cost: 4.13593e-13
Solving frequency = 194.137 Hz
Total assignment cost: 4.28331e-13
Solving frequency = 266.667 Hz
Total assignment cost: 4.44117e-13
Solving frequency = 224.517 Hz
Total assignment cost: 4.60136e-13
Solving frequency = 214.5 Hz
Total assignment cost: 4.74927e-13
Solving frequency = 265.957 Hz
Total assignment cost: 4.80617e-13
Solving frequency = 221.877 Hz
Total assignment cost: 4.78358e-13
Solving frequency = 326.371 Hz
Total assignment cost: 4.7486e-13
Solving frequency = 185.082 Hz
Total assignment cost: 4.75989e-13
Solving frequency = 357.526 Hz
Total assignment cost: 4.8576e-13
Solving frequency = 209.074 Hz
Total assignment cost: 5.04461e-13
Solving frequency = 261.712 Hz
Total assignment cost: 5.24443e-13
Solving frequency = 201.979 Hz
Total assignment cost: 5.38135e-13
Solving frequency = 221.386 Hz
Total assignment cost: 5.42847e-13
Solving frequency = 219.684 Hz
Total assignment cost: 5.41053e-13
Solving frequency = 204.248 Hz
Total assignment cost: 5.3613e-13
Solving frequency = 223.764 Hz
Total assignment cost: 5.33444e-13
Solving frequency = 207.857 Hz
Total assignment cost: 5.28431e-13
Solving frequency = 215.936 Hz
Total assignment cost: 5.22147e-13
Solving frequency = 222.124 Hz
Total assignment cost: 5.12229e-13
Solving frequency = 212.721 Hz
Total assignment cost: 4.97431e-13
Solving frequency = 211.64 Hz
Total assignment cost: 4.76684e-13
Solving frequency = 215.889 Hz
Total assignment cost: 4.49698e-13
Solving frequency = 225.632 Hz
Total assignment cost: 4.16144e-13
Solving frequency = 204.457 Hz
Total assignment cost: 3.86327e-13
Solving frequency = 222.519 Hz
Total assignment cost: 3.62599e-13
Solving frequency = 231.857 Hz
Total assignment cost: 3.38722e-13
Solving frequency = 225.581 Hz
Total assignment cost: 3.1663e-13
Solving frequency = 217.486 Hz
Total assignment cost: 3.02006e-13
Solving frequency = 214.731 Hz
Total assignment cost: 3.04754e-13
Solving frequency = 202.84 Hz
Total assignment cost: 3.20405e-13
Solving frequency = 217.202 Hz
Total assignment cost: 3.36576e-13
Solving frequency = 307.314 Hz
Total assignment cost: 3.48909e-13
Solving frequency = 208.943 Hz
Total assignment cost: 3.57409e-13
Solving frequency = 292.483 Hz
Total assignment cost: 3.62423e-13
Solving frequency = 367.647 Hz
Total assignment cost: 3.68018e-13
Solving frequency = 304.878 Hz
Total assignment cost: 3.77496e-13
Solving frequency = 213.447 Hz
Total assignment cost: 3.89124e-13
Solving frequency = 382.848 Hz
Total assignment cost: 3.99859e-13
Solving frequency = 312.11 Hz
Total assignment cost: 4.07675e-13
Solving frequency = 209.6 Hz
Total assignment cost: 4.15363e-13
Solving frequency = 209.776 Hz
Total assignment cost: 4.26954e-13
Solving frequency = 294.985 Hz
Total assignment cost: 4.40932e-13
Solving frequency = 213.174 Hz
Total assignment cost: 4.55927e-13
Solving frequency = 225.327 Hz
Total assignment cost: 4.70318e-13
Solving frequency = 240.269 Hz
Total assignment cost: 4.78594e-13
Solving frequency = 218.627 Hz
Total assignment cost: 4.7566e-13
Solving frequency = 213.721 Hz
Total assignment cost: 4.64029e-13
Solving frequency = 212.721 Hz
Total assignment cost: 4.5178e-13
Solving frequency = 210.748 Hz
Total assignment cost: 4.34116e-13
Solving frequency = 217.108 Hz
Total assignment cost: 4.17152e-13
Solving frequency = 238.039 Hz
Total assignment cost: 3.95118e-13
Solving frequency = 241.022 Hz
Total assignment cost: 3.63275e-13
Solving frequency = 216.263 Hz
Total assignment cost: 3.30454e-13
Solving frequency = 212.54 Hz
Total assignment cost: 3.03692e-13
Solving frequency = 213.584 Hz
Total assignment cost: 2.87693e-13
Solving frequency = 213.174 Hz
Total assignment cost: 2.80195e-13
Solving frequency = 206.825 Hz
Total assignment cost: 2.82147e-13
Solving frequency = 213.63 Hz
Total assignment cost: 2.81805e-13
Solving frequency = 214.27 Hz
Total assignment cost: 2.77334e-13
Solving frequency = 213.174 Hz
Total assignment cost: 2.71786e-13
Solving frequency = 234.137 Hz
Total assignment cost: 2.69284e-13
Solving frequency = 231.965 Hz
Total assignment cost: 2.80692e-13
Solving frequency = 224.669 Hz
Total assignment cost: 3.00172e-13
Solving frequency = 227.118 Hz
Total assignment cost: 3.20314e-13
Solving frequency = 231.535 Hz
Total assignment cost: 3.38004e-13
Solving frequency = 223.864 Hz
Total assignment cost: 3.41365e-13
Solving frequency = 222.025 Hz
Total assignment cost: 3.32489e-13
Solving frequency = 298.063 Hz
Total assignment cost: 3.18893e-13
Solving frequency = 211.73 Hz
Total assignment cost: 3.16196e-13
Solving frequency = 187.935 Hz
Total assignment cost: 3.22709e-13
Solving frequency = 226.757 Hz
Total assignment cost: 3.35475e-13
Solving frequency = 216.591 Hz
Total assignment cost: 3.5119e-13
Solving frequency = 225.632 Hz
Total assignment cost: 3.6929e-13
Solving frequency = 204.332 Hz
Total assignment cost: 3.79078e-13
Solving frequency = 217.581 Hz
Total assignment cost: 3.8051e-13
Solving frequency = 216.357 Hz
Total assignment cost: 3.82063e-13
Solving frequency = 204.541 Hz
Total assignment cost: 3.82981e-13
Solving frequency = 241.313 Hz
Total assignment cost: 3.93968e-13
Solving frequency = 233.209 Hz
Total assignment cost: 4.03872e-13
Solving frequency = 232.342 Hz
Total assignment cost: 4.0779e-13
Solving frequency = 215.657 Hz
Total assignment cost: 4.03946e-13
Solving frequency = 308.071 Hz
Total assignment cost: 3.9548e-13
Solving frequency = 222.618 Hz
Total assignment cost: 3.9139e-13
Solving frequency = 237.023 Hz
Total assignment cost: 3.93886e-13
Solving frequency = 224.871 Hz
Total assignment cost: 4.00243e-13
Solving frequency = 222.916 Hz
Total assignment cost: 4.15385e-13
Solving frequency = 217.723 Hz
Total assignment cost: 4.34203e-13
Solving frequency = 209.908 Hz
Total assignment cost: 4.4652e-13
Solving frequency = 200 Hz
Total assignment cost: 4.52704e-13
Solving frequency = 318.573 Hz
Total assignment cost: 4.52134e-13
Solving frequency = 206.911 Hz
Total assignment cost: 4.46314e-13
Solving frequency = 376.79 Hz
Total assignment cost: 4.38279e-13
Solving frequency = 309.31 Hz
Total assignment cost: 4.29556e-13
Solving frequency = 207.684 Hz
Total assignment cost: 4.13861e-13
Solving frequency = 301.568 Hz
Total assignment cost: 4.00612e-13
Solving frequency = 284.657 Hz
Total assignment cost: 3.87425e-13
Solving frequency = 377.358 Hz
Total assignment cost: 3.82128e-13
Solving frequency = 254.777 Hz
Total assignment cost: 3.83496e-13
Solving frequency = 217.96 Hz
Total assignment cost: 3.87313e-13
Solving frequency = 215.517 Hz
Total assignment cost: 3.92214e-13
Solving frequency = 201.572 Hz
Total assignment cost: 3.98605e-13
Solving frequency = 217.77 Hz
Total assignment cost: 4.07286e-13
Solving frequency = 208.681 Hz
Total assignment cost: 4.08371e-13
Solving frequency = 223.464 Hz
Total assignment cost: 4.11453e-13
Solving frequency = 225.023 Hz
Total assignment cost: 4.16635e-13
Solving frequency = 220.022 Hz
Total assignment cost: 4.14519e-13
Solving frequency = 207.254 Hz
Total assignment cost: 4.02924e-13
Solving frequency = 203.417 Hz
Total assignment cost: 3.7973e-13
Solving frequency = 225.378 Hz
Total assignment cost: 3.67145e-13
Solving frequency = 217.297 Hz
Total assignment cost: 3.61582e-13
Solving frequency = 211.954 Hz
Total assignment cost: 3.54264e-13
Solving frequency = 214.133 Hz
Total assignment cost: 3.49936e-13
Solving frequency = 214.179 Hz
Total assignment cost: 3.49786e-13
Solving frequency = 208.812 Hz
Total assignment cost: 3.56235e-13
Solving frequency = 214.638 Hz
Total assignment cost: 3.66002e-13
Solving frequency = 218.15 Hz
Total assignment cost: 3.80456e-13
Solving frequency = 211.149 Hz
Total assignment cost: 3.95145e-13
Solving frequency = 216.873 Hz
Total assignment cost: 4.07252e-13
Solving frequency = 212.857 Hz
Total assignment cost: 4.15375e-13
Solving frequency = 212.902 Hz
Total assignment cost: 4.18727e-13
Solving frequency = 210.526 Hz
Total assignment cost: 4.18445e-13
Solving frequency = 212.675 Hz
Total assignment cost: 4.12498e-13
Solving frequency = 222.321 Hz
Total assignment cost: 3.98168e-13
Solving frequency = 233.863 Hz
Total assignment cost: 3.75837e-13
Solving frequency = 229.305 Hz
Total assignment cost: 3.55363e-13
Solving frequency = 220.022 Hz
Total assignment cost: 3.37268e-13
Solving frequency = 259.74 Hz
Total assignment cost: 3.22816e-13
Solving frequency = 323.939 Hz
Total assignment cost: 3.21199e-13
Solving frequency = 292.312 Hz
Total assignment cost: 3.18517e-13
Solving frequency = 284.9 Hz
Total assignment cost: 3.06933e-13
Solving frequency = 287.77 Hz
Total assignment cost: 2.9315e-13
Solving frequency = 281.532 Hz
No collisions found!
All the vehicles reached their goals!

Total reallocations performed: 2
Writing solution to text file...
Writing goals to text file...
