Solving multi-robot motion planning problem...
Config: reallocation_enabled = 1
Config: reallocation_period = 2
Task reallocation ENABLED (period: 2s)
Solving frequency = 143.349 Hz
Solving frequency = 209.424 Hz
Solving frequency = 301.296 Hz
Solving frequency = 155.982 Hz
Solving frequency = 227.894 Hz
Solving frequency = 171.615 Hz
Solving frequency = 307.692 Hz
Solving frequency = 365.097 Hz
Solving frequency = 266.809 Hz
Solving frequency = 179.469 Hz
Solving frequency = 190.295 Hz
Solving frequency = 178.317 Hz
Solving frequency = 325.945 Hz
Solving frequency = 203.5 Hz
Solving frequency = 171.762 Hz
Solving frequency = 240.964 Hz
Solving frequency = 234.302 Hz
Solving frequency = 259.202 Hz
Solving frequency = 245.821 Hz
Solving frequency = 286.041 Hz
Total assignment cost: 1.93548
Solving frequency = 322.581 Hz
Total assignment cost: 1.79288
Solving frequency = 337.496 Hz
Total assignment cost: 1.65986
Solving frequency = 291.545 Hz
Total assignment cost: 1.51798
Solving frequency = 328.515 Hz
Total assignment cost: 1.35337
Solving frequency = 327.654 Hz
Total assignment cost: 1.16553
Solving frequency = 323.206 Hz
Total assignment cost: 0.963388
Solving frequency = 327.976 Hz
Total assignment cost: 0.760404
Solving frequency = 332.005 Hz
Total assignment cost: 0.571514
Solving frequency = 332.336 Hz
Total assignment cost: 0.408442
Solving frequency = 332.005 Hz
Total assignment cost: 0.27989
Solving frequency = 337.496 Hz
Total assignment cost: 0.182613
Solving frequency = 300.933 Hz
Total assignment cost: 0.113549
Solving frequency = 328.947 Hz
Total assignment cost: 0.0676061
Solving frequency = 330.579 Hz
Total assignment cost: 0.0388035
Solving frequency = 288.101 Hz
Total assignment cost: 0.0215874
Solving frequency = 335.458 Hz
Total assignment cost: 0.0115608
Solving frequency = 341.88 Hz
Total assignment cost: 0.0056868
Solving frequency = 283.849 Hz
Total assignment cost: 0.00213418
Solving frequency = 330.907 Hz
Total assignment cost: 0.00200852
Solving frequency = 325.098 Hz
Total assignment cost: 0.00265992
Solving frequency = 329.707 Hz
Total assignment cost: 0.00299786
Solving frequency = 331.565 Hz
Total assignment cost: 0.00299048
Solving frequency = 298.775 Hz
Total assignment cost: 0.00269637
Solving frequency = 334.896 Hz
Total assignment cost: 0.00222801
Solving frequency = 320.924 Hz
Total assignment cost: 0.00170414
Solving frequency = 293.945 Hz
Total assignment cost: 0.00121702
Solving frequency = 295.946 Hz
Total assignment cost: 0.000820921
Solving frequency = 303.582 Hz
Total assignment cost: 0.000533365
Solving frequency = 297.265 Hz
Total assignment cost: 0.000344979
Solving frequency = 656.599 Hz
Total assignment cost: 0.000230783
Solving frequency = 287.77 Hz
Total assignment cost: 0.000163969
Solving frequency = 295.334 Hz
Total assignment cost: 0.000122946
Solving frequency = 293.945 Hz
Total assignment cost: 9.48281e-05
Solving frequency = 293.341 Hz
Total assignment cost: 7.11592e-05
Solving frequency = 336.587 Hz
Total assignment cost: 4.95488e-05
Solving frequency = 297.974 Hz
Total assignment cost: 3.05426e-05
Solving frequency = 311.429 Hz
Total assignment cost: 1.53908e-05
Solving frequency = 327.761 Hz
Total assignment cost: 4.89561e-06
Solving frequency = 352.858 Hz
Total assignment cost: 2.92629e-06
Solving frequency = 301.932 Hz
Total assignment cost: 4.91986e-06
Solving frequency = 343.407 Hz
Total assignment cost: 4.84271e-06
Solving frequency = 316.356 Hz
Total assignment cost: 3.74103e-06
Solving frequency = 275.634 Hz
Total assignment cost: 2.44926e-06
Solving frequency = 316.456 Hz
Total assignment cost: 1.43481e-06
Solving frequency = 310.945 Hz
Total assignment cost: 8.43277e-07
Solving frequency = 300.752 Hz
Total assignment cost: 5.92996e-07
Solving frequency = 322.789 Hz
Total assignment cost: 5.17092e-07
Solving frequency = 280.82 Hz
Total assignment cost: 5.33364e-07
Solving frequency = 321.44 Hz
Total assignment cost: 5.43621e-07
Solving frequency = 285.388 Hz
Total assignment cost: 5.00414e-07
Solving frequency = 318.471 Hz
Total assignment cost: 4.07884e-07
Solving frequency = 321.027 Hz
Total assignment cost: 2.9453e-07
Solving frequency = 311.915 Hz
Total assignment cost: 1.80954e-07
Solving frequency = 316.756 Hz
Total assignment cost: 8.87221e-08
Solving frequency = 279.72 Hz
Total assignment cost: 2.81228e-08
Solving frequency = 289.771 Hz
Total assignment cost: 8.14043e-09
Solving frequency = 271.37 Hz
Total assignment cost: 1.44365e-08
Solving frequency = 297.354 Hz
Total assignment cost: 1.06537e-08
Solving frequency = 309.31 Hz
Total assignment cost: 3.39232e-09
Solving frequency = 313.185 Hz
Total assignment cost: 3.58418e-09
Solving frequency = 278.552 Hz
Total assignment cost: 6.23284e-09
Solving frequency = 326.477 Hz
Total assignment cost: 5.93068e-09
Solving frequency = 327.011 Hz
Total assignment cost: 3.77214e-09
Solving frequency = 294.204 Hz
Total assignment cost: 1.1209e-09
Solving frequency = 295.683 Hz
Total assignment cost: 1.46192e-09
Solving frequency = 288.517 Hz
Total assignment cost: 2.44024e-09
Solving frequency = 281.69 Hz
Total assignment cost: 2.54361e-09
Solving frequency = 288.184 Hz
Total assignment cost: 2.06444e-09
Solving frequency = 275.255 Hz
Total assignment cost: 1.35112e-09
Solving frequency = 286.205 Hz
Total assignment cost: 6.59534e-10
Solving frequency = 284.576 Hz
Total assignment cost: 1.66721e-10
Solving frequency = 494.071 Hz
Total assignment cost: 1.18494e-10
Solving frequency = 289.436 Hz
Total assignment cost: 1.78095e-10
Solving frequency = 287.026 Hz
Total assignment cost: 1.2795e-10
Solving frequency = 648.508 Hz
Total assignment cost: 3.83023e-11
Solving frequency = 330.36 Hz
Total assignment cost: 5.04396e-11
Solving frequency = 545.852 Hz
Total assignment cost: 8.49916e-11
Solving frequency = 327.654 Hz
Total assignment cost: 8.70638e-11
Solving frequency = 327.869 Hz
Total assignment cost: 6.6516e-11
Solving frequency = 320.307 Hz
Total assignment cost: 3.6622e-11
Solving frequency = 288.85 Hz
Total assignment cost: 9.66997e-12
Solving frequency = 289.939 Hz
Total assignment cost: 1.02998e-11
Solving frequency = 329.056 Hz
Total assignment cost: 1.65656e-11
Solving frequency = 336.134 Hz
Total assignment cost: 1.56864e-11
Solving frequency = 328.623 Hz
Total assignment cost: 1.08719e-11
Solving frequency = 333 Hz
Total assignment cost: 5.14219e-12
Solving frequency = 430.293 Hz
Total assignment cost: 8.02484e-13
Solving frequency = 322.165 Hz
Total assignment cost: 2.3657e-12
Solving frequency = 284.01 Hz
Total assignment cost: 2.80476e-12
Solving frequency = 333.778 Hz
Total assignment cost: 2.14239e-12
Solving frequency = 337.041 Hz
Total assignment cost: 1.06546e-12
Solving frequency = 333.222 Hz
Total assignment cost: 4.20449e-13
Solving frequency = 332.336 Hz
Total assignment cost: 9.02292e-13
Solving frequency = 305.344 Hz
Total assignment cost: 1.0681e-12
Solving frequency = 328.947 Hz
Total assignment cost: 9.41462e-13
Solving frequency = 312.793 Hz
Total assignment cost: 6.88591e-13
Solving frequency = 273.598 Hz
Total assignment cost: 4.31386e-13
Solving frequency = 297.619 Hz
Total assignment cost: 2.81907e-13
Solving frequency = 260.417 Hz
Total assignment cost: 3.55495e-13
Solving frequency = 270.416 Hz
Total assignment cost: 3.88844e-13
Solving frequency = 235.46 Hz
Total assignment cost: 3.86621e-13
Solving frequency = 244.081 Hz
Total assignment cost: 3.88969e-13
Solving frequency = 263.574 Hz
Total assignment cost: 4.1252e-13
Solving frequency = 231.481 Hz
Total assignment cost: 4.30292e-13
Solving frequency = 286.944 Hz
Total assignment cost: 4.23547e-13
Solving frequency = 324.992 Hz
Total assignment cost: 3.91946e-13
Solving frequency = 324.781 Hz
Total assignment cost: 3.60736e-13
Solving frequency = 268.601 Hz
Total assignment cost: 3.49066e-13
Solving frequency = 295.596 Hz
Total assignment cost: 3.45971e-13
Solving frequency = 396.668 Hz
Total assignment cost: 3.51937e-13
Solving frequency = 477.327 Hz
Total assignment cost: 3.58888e-13
Solving frequency = 706.714 Hz
Total assignment cost: 3.6621e-13
Solving frequency = 514.668 Hz
Total assignment cost: 3.67641e-13
Solving frequency = 548.546 Hz
Total assignment cost: 3.65712e-13
Solving frequency = 339.098 Hz
Total assignment cost: 3.56636e-13
Solving frequency = 327.654 Hz
Total assignment cost: 3.42792e-13
Solving frequency = 330.907 Hz
Total assignment cost: 3.31737e-13
Solving frequency = 301.841 Hz
Total assignment cost: 3.21636e-13
Solving frequency = 464.468 Hz
Total assignment cost: 3.1258e-13
Solving frequency = 312.207 Hz
Total assignment cost: 3.06296e-13
Solving frequency = 325.733 Hz
Total assignment cost: 3.10851e-13
Solving frequency = 333.89 Hz
Total assignment cost: 3.1651e-13
Solving frequency = 760.456 Hz
Total assignment cost: 3.15557e-13
Solving frequency = 282.486 Hz
Total assignment cost: 3.12279e-13
Solving frequency = 407.664 Hz
Total assignment cost: 3.03843e-13
Solving frequency = 295.072 Hz
Total assignment cost: 2.96948e-13
Solving frequency = 417.711 Hz
Total assignment cost: 3.01186e-13
Solving frequency = 502.008 Hz
Total assignment cost: 3.13143e-13
Solving frequency = 327.547 Hz
Total assignment cost: 3.28272e-13
Solving frequency = 532.481 Hz
Total assignment cost: 3.42294e-13
Solving frequency = 456.413 Hz
Total assignment cost: 3.49153e-13
Solving frequency = 315.657 Hz
Total assignment cost: 3.57149e-13
Solving frequency = 460.829 Hz
Total assignment cost: 3.63714e-13
Solving frequency = 534.188 Hz
Total assignment cost: 3.70899e-13
Solving frequency = 292.483 Hz
Total assignment cost: 3.80226e-13
Solving frequency = 220.119 Hz
Total assignment cost: 3.93282e-13
Solving frequency = 265.252 Hz
Total assignment cost: 4.07215e-13
Solving frequency = 267.594 Hz
Total assignment cost: 4.22307e-13
Solving frequency = 285.47 Hz
Total assignment cost: 4.31366e-13
Solving frequency = 195.198 Hz
Total assignment cost: 4.36659e-13
Solving frequency = 283.206 Hz
Total assignment cost: 4.37117e-13
Solving frequency = 267.666 Hz
Total assignment cost: 4.36759e-13
Solving frequency = 266.241 Hz
Total assignment cost: 4.28065e-13
Solving frequency = 275.255 Hz
Total assignment cost: 4.15502e-13
Solving frequency = 245.821 Hz
Total assignment cost: 3.96178e-13
Solving frequency = 292.569 Hz
Total assignment cost: 3.73703e-13
Solving frequency = 291.375 Hz
Total assignment cost: 3.52021e-13
Solving frequency = 301.296 Hz
Total assignment cost: 3.3456e-13
Solving frequency = 352.858 Hz
Total assignment cost: 3.25398e-13
Solving frequency = 332.557 Hz
Total assignment cost: 3.2127e-13
Solving frequency = 292.141 Hz
Total assignment cost: 3.22152e-13
Solving frequency = 300.3 Hz
Total assignment cost: 3.25951e-13
Solving frequency = 346.5 Hz
Total assignment cost: 3.37398e-13
Solving frequency = 345.543 Hz
Total assignment cost: 3.54714e-13
Solving frequency = 344.709 Hz
Total assignment cost: 3.74148e-13
Solving frequency = 328.947 Hz
Total assignment cost: 3.89865e-13
Solving frequency = 313.283 Hz
Total assignment cost: 4.02126e-13
Solving frequency = 456.204 Hz
Total assignment cost: 4.06406e-13
Solving frequency = 464.684 Hz
Total assignment cost: 4.0593e-13
Solving frequency = 504.541 Hz
Total assignment cost: 3.9977e-13
Solving frequency = 469.925 Hz
Total assignment cost: 3.93791e-13
Solving frequency = 467.508 Hz
Total assignment cost: 3.82352e-13
Solving frequency = 430.478 Hz
Total assignment cost: 3.74959e-13
Solving frequency = 430.478 Hz
Total assignment cost: 3.68502e-13
Solving frequency = 428.449 Hz
Total assignment cost: 3.62014e-13
Solving frequency = 292.312 Hz
Total assignment cost: 3.63139e-13
Solving frequency = 387.447 Hz
Total assignment cost: 3.70086e-13
Solving frequency = 295.159 Hz
Total assignment cost: 3.75333e-13
Solving frequency = 297.442 Hz
Total assignment cost: 3.81233e-13
Solving frequency = 296.121 Hz
Total assignment cost: 3.84189e-13
Solving frequency = 272.257 Hz
Total assignment cost: 3.88225e-13
Solving frequency = 431.779 Hz
Total assignment cost: 3.88691e-13
Solving frequency = 699.79 Hz
Total assignment cost: 3.92243e-13
Solving frequency = 465.116 Hz
Total assignment cost: 3.94838e-13
Solving frequency = 327.118 Hz
Total assignment cost: 3.98859e-13
Solving frequency = 346.5 Hz
Total assignment cost: 4.03025e-13
Solving frequency = 333.111 Hz
Total assignment cost: 4.0346e-13
Solving frequency = 291.46 Hz
Total assignment cost: 3.98557e-13
Solving frequency = 325.839 Hz
Total assignment cost: 3.94072e-13
Solving frequency = 300.03 Hz
Total assignment cost: 3.86417e-13
Solving frequency = 548.246 Hz
Total assignment cost: 3.88423e-13
Solving frequency = 716.332 Hz
Total assignment cost: 3.98256e-13
Solving frequency = 480.538 Hz
Total assignment cost: 4.10637e-13
Solving frequency = 500.501 Hz
Total assignment cost: 4.18366e-13
Solving frequency = 703.73 Hz
Total assignment cost: 4.15309e-13
Solving frequency = 494.315 Hz
Total assignment cost: 4.02252e-13
Solving frequency = 521.648 Hz
Total assignment cost: 3.86502e-13
Solving frequency = 442.478 Hz
Total assignment cost: 3.69167e-13
Solving frequency = 481.464 Hz
Total assignment cost: 3.54774e-13
Solving frequency = 482.16 Hz
Total assignment cost: 3.47195e-13
Solving frequency = 742.942 Hz
Total assignment cost: 3.45393e-13
Solving frequency = 475.737 Hz
Total assignment cost: 3.4651e-13
Solving frequency = 525.762 Hz
Total assignment cost: 3.4394e-13
Solving frequency = 500.751 Hz
Total assignment cost: 3.42671e-13
Solving frequency = 651.89 Hz
Total assignment cost: 3.44746e-13
Solving frequency = 486.381 Hz
Total assignment cost: 3.50448e-13
Solving frequency = 551.268 Hz
Total assignment cost: 3.54927e-13
Solving frequency = 706.215 Hz
Total assignment cost: 3.55876e-13
Solving frequency = 417.885 Hz
Total assignment cost: 3.59805e-13
Solving frequency = 399.042 Hz
Total assignment cost: 3.66148e-13
Solving frequency = 312.695 Hz
Total assignment cost: 3.75142e-13
Solving frequency = 312.695 Hz
Total assignment cost: 3.85202e-13
Solving frequency = 292.056 Hz
Total assignment cost: 3.90128e-13
Solving frequency = 404.367 Hz
Total assignment cost: 3.87104e-13
Solving frequency = 290.276 Hz
Total assignment cost: 3.77149e-13
Solving frequency = 302.663 Hz
Total assignment cost: 3.58974e-13
Solving frequency = 406.174 Hz
Total assignment cost: 3.3903e-13
Solving frequency = 372.439 Hz
Total assignment cost: 3.18326e-13
Solving frequency = 292.912 Hz
Total assignment cost: 2.98436e-13
Solving frequency = 401.123 Hz
Total assignment cost: 2.79182e-13
Solving frequency = 404.531 Hz
Total assignment cost: 2.65257e-13
Solving frequency = 317.259 Hz
Total assignment cost: 2.60529e-13
Solving frequency = 334.56 Hz
Total assignment cost: 2.65716e-13
Solving frequency = 388.199 Hz
Total assignment cost: 2.79358e-13
Solving frequency = 411.353 Hz
Total assignment cost: 2.9835e-13
Solving frequency = 388.802 Hz
Total assignment cost: 3.22209e-13
Solving frequency = 390.168 Hz
Total assignment cost: 3.47358e-13
Solving frequency = 407.664 Hz
Total assignment cost: 3.68091e-13
Solving frequency = 400.16 Hz
Total assignment cost: 3.78932e-13
Solving frequency = 417.711 Hz
Total assignment cost: 3.82449e-13
Solving frequency = 380.084 Hz
Total assignment cost: 3.82914e-13
Solving frequency = 380.952 Hz
Total assignment cost: 3.81517e-13
Solving frequency = 642.674 Hz
Total assignment cost: 3.84441e-13
Solving frequency = 267.094 Hz
Total assignment cost: 3.93122e-13
Solving frequency = 349.04 Hz
Total assignment cost: 3.99607e-13
Solving frequency = 352.113 Hz
Total assignment cost: 4.01284e-13
Solving frequency = 360.36 Hz
Total assignment cost: 3.94324e-13
Solving frequency = 235.793 Hz
Total assignment cost: 3.78844e-13
Solving frequency = 269.906 Hz
Total assignment cost: 3.61792e-13
Solving frequency = 305.53 Hz
Total assignment cost: 3.51717e-13
Solving frequency = 277.393 Hz
Total assignment cost: 3.52656e-13
Solving frequency = 304.507 Hz
Total assignment cost: 3.59353e-13
Solving frequency = 296.121 Hz
Total assignment cost: 3.6747e-13
Solving frequency = 339.443 Hz
Total assignment cost: 3.72025e-13
Solving frequency = 340.252 Hz
Total assignment cost: 3.73769e-13
Solving frequency = 329.707 Hz
Total assignment cost: 3.70247e-13
Solving frequency = 282.008 Hz
Total assignment cost: 3.60344e-13
Solving frequency = 273.299 Hz
Total assignment cost: 3.52244e-13
Solving frequency = 293.772 Hz
Total assignment cost: 3.46472e-13
Solving frequency = 320.205 Hz
Total assignment cost: 3.49769e-13
Solving frequency = 299.222 Hz
Total assignment cost: 3.59673e-13
Solving frequency = 255.951 Hz
Total assignment cost: 3.69208e-13
Solving frequency = 264.061 Hz
Total assignment cost: 3.74779e-13
Solving frequency = 253.807 Hz
Total assignment cost: 3.7737e-13
Solving frequency = 297.442 Hz
Total assignment cost: 3.78166e-13
Solving frequency = 329.815 Hz
Total assignment cost: 3.80752e-13
Solving frequency = 295.596 Hz
Total assignment cost: 3.81779e-13
Solving frequency = 283.849 Hz
Total assignment cost: 3.86398e-13
Solving frequency = 399.84 Hz
Total assignment cost: 3.87838e-13
Solving frequency = 435.54 Hz
Total assignment cost: 3.84941e-13
Solving frequency = 395.883 Hz
Total assignment cost: 3.75418e-13
Solving frequency = 398.248 Hz
Total assignment cost: 3.62164e-13
Solving frequency = 404.204 Hz
Total assignment cost: 3.43812e-13
Solving frequency = 387.898 Hz
Total assignment cost: 3.23386e-13
Solving frequency = 373.413 Hz
Total assignment cost: 3.08601e-13
Solving frequency = 664.894 Hz
Total assignment cost: 3.05309e-13
Solving frequency = 421.763 Hz
Total assignment cost: 3.14302e-13
Solving frequency = 364.964 Hz
Total assignment cost: 3.28795e-13
Solving frequency = 385.06 Hz
Total assignment cost: 3.41447e-13
Solving frequency = 391.083 Hz
Total assignment cost: 3.50645e-13
Solving frequency = 351.741 Hz
Total assignment cost: 3.57817e-13
Solving frequency = 361.664 Hz
Total assignment cost: 3.60664e-13
Solving frequency = 367.512 Hz
Total assignment cost: 3.64102e-13
Solving frequency = 361.664 Hz
Total assignment cost: 3.63747e-13
Solving frequency = 406.009 Hz
Total assignment cost: 3.61523e-13
Solving frequency = 364.964 Hz
Total assignment cost: 3.61026e-13
Solving frequency = 390.32 Hz
Total assignment cost: 3.6254e-13
Solving frequency = 232.072 Hz
Total assignment cost: 3.69074e-13
Solving frequency = 267.165 Hz
Total assignment cost: 3.77069e-13
Solving frequency = 303.674 Hz
Total assignment cost: 3.8506e-13
Solving frequency = 275.634 Hz
Total assignment cost: 3.98442e-13
Solving frequency = 270.783 Hz
Total assignment cost: 4.04641e-13
Solving frequency = 260.213 Hz
Total assignment cost: 4.04064e-13
Solving frequency = 326.477 Hz
Total assignment cost: 3.93431e-13
Solving frequency = 228.311 Hz
Total assignment cost: 3.73755e-13
Solving frequency = 278.94 Hz
Total assignment cost: 3.63334e-13
Solving frequency = 383.289 Hz
Total assignment cost: 3.61816e-13
Solving frequency = 745.712 Hz
Total assignment cost: 3.75159e-13
Solving frequency = 364.83 Hz
Total assignment cost: 4.00894e-13
Solving frequency = 386.997 Hz
No collisions found!
All the vehicles reached their goals!

Total reallocations performed: 0
Writing solution to text file...
Writing goals to text file...
