Solving multi-robot motion planning problem...
Config: reallocation_enabled = 1
Config: reallocation_period = 2
Task reallocation ENABLED (period: 2s)
Solving frequency = 225.938 Hz
Solving frequency = 335.458 Hz
Solving frequency = 212.134 Hz
Solving frequency = 213.63 Hz
Solving frequency = 202.716 Hz
Solving frequency = 168.549 Hz
Solving frequency = 194.477 Hz
Solving frequency = 132.503 Hz
Solving frequency = 193.761 Hz
Solving frequency = 205.086 Hz
Solving frequency = 112.284 Hz
Solving frequency = 204.625 Hz
Solving frequency = 161.134 Hz
Solving frequency = 199.561 Hz
Solving frequency = 295.247 Hz
Solving frequency = 99.681 Hz
Solving frequency = 154.154 Hz
Solving frequency = 222.469 Hz
Solving frequency = 312.012 Hz
Solving frequency = 213.447 Hz
Total assignment cost: 3.5688

=== Reallocation #1 at time 2s ===
Agent 0: Goal changed from 0 to 2 (Distance: 0.899362 m)
Agent 1: Goal changed from 1 to 3 (Distance: 0.887452 m)
Agent 2: Goal changed from 2 to 0 (Distance: 0.885437 m)
Agent 3: Goal changed from 3 to 1 (Distance: 0.896549 m)

*** GOALS REASSIGNED at t=2s ***

Solving frequency = 128.057 Hz
Solving frequency = 209.776 Hz
Solving frequency = 244.439 Hz
Solving frequency = 397.141 Hz
Solving frequency = 559.284 Hz
Solving frequency = 432.9 Hz
Solving frequency = 404.858 Hz
Solving frequency = 965.251 Hz
Solving frequency = 965.251 Hz
Solving frequency = 446.628 Hz
Solving frequency = 442.478 Hz
Solving frequency = 449.438 Hz
Solving frequency = 341.997 Hz
Solving frequency = 444.642 Hz
Solving frequency = 393.701 Hz
Solving frequency = 345.781 Hz
Solving frequency = 429.738 Hz
Solving frequency = 544.959 Hz
Solving frequency = 427.899 Hz
Solving frequency = 409.333 Hz
Total assignment cost: 0.145383

=== Reallocation #2 at time 4s ===
Agent 0: Goal changed from 2 to 0 (Distance: 0.0335546 m)
Agent 1: Goal changed from 3 to 1 (Distance: 0.0430479 m)
Agent 2: Goal changed from 0 to 2 (Distance: 0.029143 m)
Agent 3: Goal changed from 1 to 3 (Distance: 0.0396378 m)

*** GOALS REASSIGNED at t=4s ***

Solving frequency = 501.505 Hz
Solving frequency = 413.394 Hz
Solving frequency = 531.067 Hz
Solving frequency = 513.347 Hz
Solving frequency = 539.084 Hz
Solving frequency = 369.14 Hz
Solving frequency = 341.18 Hz
Solving frequency = 433.651 Hz
Solving frequency = 429.738 Hz
Solving frequency = 421.053 Hz
Solving frequency = 423.549 Hz
Solving frequency = 363.108 Hz
Solving frequency = 375.516 Hz
Solving frequency = 383.73 Hz
Solving frequency = 354.484 Hz
Solving frequency = 439.367 Hz
Solving frequency = 505.561 Hz
Solving frequency = 500 Hz
Solving frequency = 400.641 Hz
Solving frequency = 403.226 Hz
Total assignment cost: 0.000253206
Solving frequency = 390.168 Hz
Total assignment cost: 0.00017835
Solving frequency = 412.541 Hz
Total assignment cost: 0.000113574
Solving frequency = 310.078 Hz
Total assignment cost: 6.20207e-05
Solving frequency = 439.174 Hz
Total assignment cost: 2.72927e-05
Solving frequency = 372.301 Hz
Total assignment cost: 1.57869e-05
Solving frequency = 457.666 Hz
Total assignment cost: 1.69799e-05
Solving frequency = 380.662 Hz
Total assignment cost: 1.65242e-05
Solving frequency = 482.16 Hz
Total assignment cost: 1.32679e-05
Solving frequency = 397.298 Hz
Total assignment cost: 9.04497e-06
Solving frequency = 407.997 Hz
Total assignment cost: 5.41462e-06
Solving frequency = 423.37 Hz
Total assignment cost: 3.08005e-06
Solving frequency = 415.455 Hz
Total assignment cost: 2.04249e-06
Solving frequency = 447.828 Hz
Total assignment cost: 1.83162e-06
Solving frequency = 385.06 Hz
Total assignment cost: 1.88393e-06
Solving frequency = 556.483 Hz
Total assignment cost: 1.89431e-06
Solving frequency = 558.659 Hz
Total assignment cost: 1.75443e-06
Solving frequency = 410.172 Hz
Total assignment cost: 1.46148e-06
Solving frequency = 555.247 Hz
Total assignment cost: 1.07918e-06
Solving frequency = 445.038 Hz
Total assignment cost: 6.92933e-07
Solving frequency = 551.572 Hz
Total assignment cost: 3.72042e-07
Solving frequency = 395.257 Hz
Total assignment cost: 1.54174e-07
Solving frequency = 438.212 Hz
Total assignment cost: 5.98412e-08
Solving frequency = 433.651 Hz
Total assignment cost: 4.88062e-08
Solving frequency = 432.526 Hz
Total assignment cost: 4.02516e-08
Solving frequency = 397.931 Hz
Total assignment cost: 2.2407e-08
Solving frequency = 401.284 Hz
Total assignment cost: 1.6119e-08
Solving frequency = 439.174 Hz
Total assignment cost: 1.98441e-08
Solving frequency = 436.11 Hz
Total assignment cost: 1.98141e-08
Solving frequency = 403.063 Hz
Total assignment cost: 1.44637e-08
Solving frequency = 406.504 Hz
Total assignment cost: 8.09663e-09
Solving frequency = 438.596 Hz
Total assignment cost: 7.04885e-09
Solving frequency = 367.918 Hz
Total assignment cost: 8.54624e-09
Solving frequency = 406.009 Hz
Total assignment cost: 8.79464e-09
Solving frequency = 444.642 Hz
Total assignment cost: 7.40284e-09
Solving frequency = 426.985 Hz
Total assignment cost: 5.11947e-09
Solving frequency = 517.866 Hz
Total assignment cost: 2.82379e-09
Solving frequency = 394.322 Hz
Total assignment cost: 1.16476e-09
Solving frequency = 381.388 Hz
Total assignment cost: 5.86257e-10
Solving frequency = 513.611 Hz
Total assignment cost: 5.92426e-10
Solving frequency = 371.747 Hz
Total assignment cost: 4.85062e-10
Solving frequency = 456.621 Hz
Total assignment cost: 2.80062e-10
Solving frequency = 400.802 Hz
Total assignment cost: 2.38047e-10
Solving frequency = 411.523 Hz
Total assignment cost: 2.92205e-10
Solving frequency = 416.84 Hz
Total assignment cost: 2.98372e-10
Solving frequency = 411.353 Hz
Total assignment cost: 2.39344e-10
Solving frequency = 402.739 Hz
Total assignment cost: 1.49163e-10
Solving frequency = 419.111 Hz
Total assignment cost: 7.08369e-11
Solving frequency = 485.201 Hz
Total assignment cost: 4.9368e-11
Solving frequency = 373.274 Hz
Total assignment cost: 5.65283e-11
Solving frequency = 495.54 Hz
Total assignment cost: 5.42337e-11
Solving frequency = 392.773 Hz
Total assignment cost: 4.01327e-11
Solving frequency = 413.736 Hz
Total assignment cost: 2.24167e-11
Solving frequency = 503.018 Hz
Total assignment cost: 1.00847e-11
Solving frequency = 384.025 Hz
Total assignment cost: 8.35352e-12
Solving frequency = 473.261 Hz
Total assignment cost: 9.15429e-12
Solving frequency = 729.395 Hz
Total assignment cost: 7.57365e-12
Solving frequency = 588.235 Hz
Total assignment cost: 4.52706e-12
Solving frequency = 449.843 Hz
Total assignment cost: 2.37877e-12
Solving frequency = 452.899 Hz
Total assignment cost: 2.52772e-12
Solving frequency = 451.467 Hz
Total assignment cost: 2.85368e-12
Solving frequency = 525.762 Hz
Total assignment cost: 2.53816e-12
Solving frequency = 411.523 Hz
Total assignment cost: 1.75782e-12
Solving frequency = 385.356 Hz
Total assignment cost: 9.1963e-13
Solving frequency = 414.938 Hz
Total assignment cost: 4.72419e-13
Solving frequency = 472.144 Hz
Total assignment cost: 4.82332e-13
Solving frequency = 419.815 Hz
Total assignment cost: 5.37442e-13
Solving frequency = 420.698 Hz
Total assignment cost: 4.64649e-13
Solving frequency = 433.088 Hz
Total assignment cost: 3.27746e-13
Solving frequency = 397.931 Hz
Total assignment cost: 2.12366e-13
Solving frequency = 406.174 Hz
Total assignment cost: 1.58851e-13
Solving frequency = 416.667 Hz
Total assignment cost: 1.37964e-13
Solving frequency = 422.119 Hz
Total assignment cost: 1.22838e-13
Solving frequency = 421.408 Hz
Total assignment cost: 1.13269e-13
Solving frequency = 418.235 Hz
Total assignment cost: 1.12758e-13
Solving frequency = 417.885 Hz
Total assignment cost: 1.24715e-13
Solving frequency = 419.111 Hz
Total assignment cost: 1.41701e-13
Solving frequency = 421.408 Hz
Total assignment cost: 1.512e-13
Solving frequency = 418.76 Hz
Total assignment cost: 1.56379e-13
Solving frequency = 420.168 Hz
Total assignment cost: 1.64394e-13
Solving frequency = 402.091 Hz
Total assignment cost: 1.75072e-13
Solving frequency = 379.507 Hz
Total assignment cost: 1.82567e-13
Solving frequency = 444.247 Hz
Total assignment cost: 1.84244e-13
Solving frequency = 449.438 Hz
Total assignment cost: 1.8062e-13
Solving frequency = 459.348 Hz
Total assignment cost: 1.71903e-13
Solving frequency = 425.532 Hz
Total assignment cost: 1.62271e-13
Solving frequency = 552.792 Hz
Total assignment cost: 1.54033e-13
Solving frequency = 363.24 Hz
Total assignment cost: 1.47254e-13
Solving frequency = 424.448 Hz
Total assignment cost: 1.43602e-13
Solving frequency = 430.849 Hz
Total assignment cost: 1.41526e-13
Solving frequency = 421.585 Hz
Total assignment cost: 1.4391e-13
Solving frequency = 428.449 Hz
Total assignment cost: 1.48995e-13
Solving frequency = 421.585 Hz
Total assignment cost: 1.60526e-13
Solving frequency = 415.8 Hz
Total assignment cost: 1.75363e-13
Solving frequency = 417.362 Hz
Total assignment cost: 1.88697e-13
Solving frequency = 429.369 Hz
Total assignment cost: 1.97826e-13
Solving frequency = 525.21 Hz
Total assignment cost: 2.03481e-13
Solving frequency = 430.293 Hz
Total assignment cost: 2.07924e-13
Solving frequency = 429.553 Hz
Total assignment cost: 2.11404e-13
Solving frequency = 423.37 Hz
Total assignment cost: 2.11425e-13
Solving frequency = 403.877 Hz
Total assignment cost: 2.0646e-13
Solving frequency = 391.389 Hz
Total assignment cost: 1.96041e-13
Solving frequency = 524.934 Hz
Total assignment cost: 1.83178e-13
Solving frequency = 545.852 Hz
Total assignment cost: 1.74942e-13
Solving frequency = 502.26 Hz
Total assignment cost: 1.68439e-13
Solving frequency = 406.835 Hz
Total assignment cost: 1.63202e-13
Solving frequency = 441.891 Hz
Total assignment cost: 1.61771e-13
Solving frequency = 436.491 Hz
Total assignment cost: 1.576e-13
Solving frequency = 454.339 Hz
Total assignment cost: 1.55939e-13
Solving frequency = 868.056 Hz
Total assignment cost: 1.58777e-13
Solving frequency = 877.963 Hz
Total assignment cost: 1.62514e-13
Solving frequency = 636.943 Hz
Total assignment cost: 1.63442e-13
Solving frequency = 403.877 Hz
Total assignment cost: 1.65548e-13
Solving frequency = 465.333 Hz
Total assignment cost: 1.6683e-13
Solving frequency = 448.029 Hz
Total assignment cost: 1.63257e-13
Solving frequency = 478.011 Hz
Total assignment cost: 1.52046e-13
Solving frequency = 359.195 Hz
Total assignment cost: 1.35952e-13
Solving frequency = 352.485 Hz
Total assignment cost: 1.22888e-13
Solving frequency = 451.06 Hz
Total assignment cost: 1.20569e-13
Solving frequency = 463.392 Hz
Total assignment cost: 1.27736e-13
Solving frequency = 385.951 Hz
Total assignment cost: 1.34372e-13
Solving frequency = 463.177 Hz
Total assignment cost: 1.33457e-13
Solving frequency = 469.484 Hz
Total assignment cost: 1.23788e-13
Solving frequency = 466.418 Hz
Total assignment cost: 1.13938e-13
Solving frequency = 395.257 Hz
Total assignment cost: 1.17061e-13
Solving frequency = 411.523 Hz
Total assignment cost: 1.27128e-13
Solving frequency = 399.361 Hz
Total assignment cost: 1.34665e-13
Solving frequency = 446.229 Hz
Total assignment cost: 1.42367e-13
Solving frequency = 378.215 Hz
Total assignment cost: 1.53045e-13
Solving frequency = 473.709 Hz
Total assignment cost: 1.63993e-13
Solving frequency = 371.885 Hz
Total assignment cost: 1.76556e-13
Solving frequency = 342.583 Hz
Total assignment cost: 1.90611e-13
Solving frequency = 345.543 Hz
Total assignment cost: 2.01522e-13
Solving frequency = 423.549 Hz
Total assignment cost: 2.01159e-13
Solving frequency = 467.29 Hz
Total assignment cost: 1.99057e-13
Solving frequency = 455.166 Hz
Total assignment cost: 1.88325e-13
Solving frequency = 400.16 Hz
Total assignment cost: 1.74119e-13
Solving frequency = 359.324 Hz
Total assignment cost: 1.60226e-13
Solving frequency = 504.796 Hz
Total assignment cost: 1.49279e-13
Solving frequency = 398.089 Hz
Total assignment cost: 1.53488e-13
Solving frequency = 492.611 Hz
Total assignment cost: 1.69409e-13
Solving frequency = 456.83 Hz
Total assignment cost: 1.90696e-13
Solving frequency = 417.885 Hz
Total assignment cost: 2.03153e-13
Solving frequency = 445.633 Hz
Total assignment cost: 2.07701e-13
Solving frequency = 659.196 Hz
Total assignment cost: 2.07297e-13
Solving frequency = 458.926 Hz
Total assignment cost: 2.10985e-13
Solving frequency = 261.506 Hz
Total assignment cost: 2.2686e-13
Solving frequency = 461.042 Hz
Total assignment cost: 2.4398e-13
Solving frequency = 385.356 Hz
Total assignment cost: 2.54708e-13
Solving frequency = 398.724 Hz
Total assignment cost: 2.53742e-13
Solving frequency = 390.016 Hz
Total assignment cost: 2.41282e-13
Solving frequency = 445.236 Hz
Total assignment cost: 2.24574e-13
Solving frequency = 460.405 Hz
Total assignment cost: 2.05967e-13
Solving frequency = 621.118 Hz
Total assignment cost: 1.87458e-13
Solving frequency = 418.235 Hz
Total assignment cost: 1.63158e-13
Solving frequency = 445.236 Hz
Total assignment cost: 1.42521e-13
Solving frequency = 446.828 Hz
Total assignment cost: 1.27774e-13
Solving frequency = 463.822 Hz
Total assignment cost: 1.3053e-13
Solving frequency = 490.677 Hz
Total assignment cost: 1.45044e-13
Solving frequency = 532.481 Hz
Total assignment cost: 1.59664e-13
Solving frequency = 805.802 Hz
Total assignment cost: 1.68472e-13
Solving frequency = 417.188 Hz
Total assignment cost: 1.71941e-13
Solving frequency = 484.731 Hz
Total assignment cost: 1.7311e-13
Solving frequency = 842.46 Hz
Total assignment cost: 1.72322e-13
Solving frequency = 960.615 Hz
Total assignment cost: 1.68993e-13
Solving frequency = 914.913 Hz
Total assignment cost: 1.66684e-13
Solving frequency = 947.867 Hz
Total assignment cost: 1.59586e-13
Solving frequency = 969.932 Hz
Total assignment cost: 1.55206e-13
Solving frequency = 476.872 Hz
Total assignment cost: 1.50656e-13
Solving frequency = 423.191 Hz
Total assignment cost: 1.53738e-13
Solving frequency = 973.71 Hz
Total assignment cost: 1.59906e-13
Solving frequency = 503.778 Hz
Total assignment cost: 1.72972e-13
Solving frequency = 581.734 Hz
Total assignment cost: 1.86163e-13
Solving frequency = 562.43 Hz
Total assignment cost: 1.93626e-13
Solving frequency = 1013.17 Hz
Total assignment cost: 1.94296e-13
Solving frequency = 469.043 Hz
Total assignment cost: 1.86624e-13
Solving frequency = 420.521 Hz
Total assignment cost: 1.68985e-13
Solving frequency = 473.261 Hz
Total assignment cost: 1.47471e-13
Solving frequency = 647.668 Hz
Total assignment cost: 1.27052e-13
Solving frequency = 344.234 Hz
Total assignment cost: 1.09547e-13
Solving frequency = 485.909 Hz
Total assignment cost: 1.12649e-13
Solving frequency = 859.107 Hz
Total assignment cost: 1.3193e-13
Solving frequency = 426.803 Hz
Total assignment cost: 1.58442e-13
Solving frequency = 452.489 Hz
Total assignment cost: 1.7639e-13
Solving frequency = 468.823 Hz
Total assignment cost: 1.83755e-13
Solving frequency = 553.403 Hz
Total assignment cost: 1.77665e-13
Solving frequency = 984.252 Hz
Total assignment cost: 1.63982e-13
Solving frequency = 429.738 Hz
Total assignment cost: 1.56877e-13
Solving frequency = 471.698 Hz
Total assignment cost: 1.61108e-13
Solving frequency = 474.608 Hz
Total assignment cost: 1.7105e-13
Solving frequency = 365.097 Hz
No collisions found!
All the vehicles reached their goals!

Total reallocations performed: 2
Writing solution to text file...
Writing goals to text file...
